\BOOKMARK [0][-]{chapter.1}{\376\377\000C\000H\000A\000P\000T\000E\000R\000\040\000I\000I\000.}{}% 1
\BOOKMARK [0][-]{chapter.2}{\376\377\000C\000H\000A\000P\000T\000E\000R\000\040\000I\000I\000I\000.}{}% 2
\BOOKMARK [0][-]{chapter.3}{\376\377\000C\000H\000A\000P\000T\000E\000R\000\040\000I\000V\000.}{}% 3
\BOOKMARK [0][-]{chapter.4}{\376\377\000C\000H\000A\000P\000T\000E\000R\000\040\000V\000.}{}% 4
\BOOKMARK [0][-]{chapter.5}{\376\377\000C\000H\000A\000P\000T\000E\000R\000\040\000V\000I\000.}{}% 5
\BOOKMARK [0][-]{chapter.6}{\376\377\000C\000H\000A\000P\000T\000E\000R\000\040\000V\000I\000I\000.}{}% 6
\BOOKMARK [0][-]{chapter.7}{\376\377\000C\000H\000A\000P\000T\000E\000R\000\040\000V\000I\000I\000I\000.}{}% 7
\BOOKMARK [0][-]{chapter.8}{\376\377\000C\000H\000A\000P\000T\000E\000R\000\040\000I\000X\000.}{}% 8
\BOOKMARK [0][-]{chapter.9}{\376\377\000C\000H\000A\000P\000T\000E\000R\000\040\000X\000.}{}% 9
\BOOKMARK [0][-]{chapter.10}{\376\377\000C\000H\000A\000P\000T\000E\000R\000\040\000X\000I\000.}{}% 10
\BOOKMARK [0][-]{chapter.11}{\376\377\000C\000H\000A\000P\000T\000E\000R\000\040\000X\000I\000I\000.}{}% 11
\BOOKMARK [0][-]{chapter.12}{\376\377\000C\000H\000A\000P\000T\000E\000R\000\040\000X\000I\000I\000I}{}% 12
\BOOKMARK [0][-]{chapter.13}{\376\377\000C\000H\000A\000P\000T\000E\000R\000\040\000X\000I\000V}{}% 13
\BOOKMARK [0][-]{chapter.14}{\376\377\000C\000H\000A\000P\000T\000E\000R\000\040\000X\000V\000.}{}% 14
\BOOKMARK [0][-]{chapter.15}{\376\377\000C\000H\000A\000P\000T\000E\000R\000\040\000X\000V\000I\000.}{}% 15
\BOOKMARK [0][-]{chapter.16}{\376\377\000C\000H\000A\000P\000T\000E\000R\000\040\000X\000V\000I\000I\000.}{}% 16
\BOOKMARK [0][-]{chapter.17}{\376\377\000C\000H\000A\000P\000T\000E\000R\000\040\000X\000V\000I\000I\000I\000.}{}% 17
\BOOKMARK [0][-]{chapter.18}{\376\377\000C\000H\000A\000P\000T\000E\000R\000\040\000X\000I\000X\000.}{}% 18
\BOOKMARK [0][-]{chapter.19}{\376\377\000C\000H\000A\000P\000T\000E\000R\000\040\000X\000X\000.}{}% 19
\BOOKMARK [0][-]{chapter.20}{\376\377\000C\000H\000A\000P\000T\000E\000R\000\040\000X\000X\000I\000.}{}% 20
\BOOKMARK [0][-]{chapter.21}{\376\377\000C\000H\000A\000P\000T\000E\000R\000\040\000X\000X\000I\000I\000.}{}% 21
\BOOKMARK [0][-]{chapter.22}{\376\377\000C\000H\000A\000P\000T\000E\000R\000\040\000X\000X\000I\000I\000I\000.}{}% 22
\BOOKMARK [0][-]{chapter.23}{\376\377\000C\000H\000A\000P\000T\000E\000R\000\040\000X\000X\000I\000V\000.}{}% 23
\BOOKMARK [0][-]{chapter.24}{\376\377\000C\000H\000A\000P\000T\000E\000R\000\040\000X\000X\000V\000.}{}% 24
\BOOKMARK [0][-]{chapter.25}{\376\377\000C\000H\000A\000P\000T\000E\000R\000\040\000X\000X\000V\000I\000.}{}% 25
\BOOKMARK [0][-]{chapter.26}{\376\377\000C\000H\000A\000P\000T\000E\000R\000\040\000X\000X\000V\000I\000I\000.}{}% 26
\BOOKMARK [0][-]{chapter.27}{\376\377\000C\000H\000A\000P\000T\000E\000R\000\040\000X\000X\000V\000I\000I\000I\000.}{}% 27
\BOOKMARK [0][-]{chapter.28}{\376\377\000C\000H\000A\000P\000T\000E\000R\000\040\000X\000X\000I\000X\000.}{}% 28
\BOOKMARK [0][-]{chapter.29}{\376\377\000C\000H\000A\000P\000T\000E\000R\000\040\000X\000X\000X\000.}{}% 29
\BOOKMARK [0][-]{chapter.30}{\376\377\000C\000H\000A\000P\000T\000E\000R\000\040\000X\000X\000X\000I\000.}{}% 30
\BOOKMARK [0][-]{chapter.31}{\376\377\000C\000H\000A\000P\000T\000E\000R\000\040\000X\000X\000X\000I\000I\000.}{}% 31
\BOOKMARK [0][-]{chapter.32}{\376\377\000C\000H\000A\000P\000T\000E\000R\000\040\000X\000X\000X\000I\000I\000I\000.}{}% 32
\BOOKMARK [0][-]{chapter.33}{\376\377\000C\000H\000A\000P\000T\000E\000R\000\040\000X\000X\000X\000I\000V\000.}{}% 33
\BOOKMARK [0][-]{chapter.34}{\376\377\000C\000H\000A\000P\000T\000E\000R\000\040\000X\000X\000X\000V\000.}{}% 34
\BOOKMARK [0][-]{chapter.35}{\376\377\000C\000H\000A\000P\000T\000E\000R\000\040\000X\000X\000X\000V\000I\000.}{}% 35
\BOOKMARK [0][-]{chapter.36}{\376\377\000C\000H\000A\000P\000T\000E\000R\000\040\000X\000X\000X\000V\000I\000I\000.}{}% 36
\BOOKMARK [0][-]{chapter.37}{\376\377\000C\000H\000A\000P\000T\000E\000R\000\040\000X\000X\000X\000V\000I\000I\000I\000.}{}% 37
\BOOKMARK [0][-]{chapter.38}{\376\377\000C\000H\000A\000P\000T\000E\000R\000\040\000X\000X\000X\000I\000X\000.}{}% 38
\BOOKMARK [0][-]{chapter.39}{\376\377\000C\000H\000A\000P\000T\000E\000R\000\040\000X\000L\000.}{}% 39
\BOOKMARK [0][-]{chapter.40}{\376\377\000C\000H\000A\000P\000T\000E\000R\000\040\000X\000L\000I\000.}{}% 40
\BOOKMARK [0][-]{chapter.41}{\376\377\000C\000H\000A\000P\000T\000E\000R\000\040\000X\000L\000I\000I\000.}{}% 41
\BOOKMARK [0][-]{chapter.42}{\376\377\000C\000H\000A\000P\000T\000E\000R\000\040\000X\000L\000I\000I\000I\000.}{}% 42
\BOOKMARK [0][-]{chapter.43}{\376\377\000C\000H\000A\000P\000T\000E\000R\000\040\000X\000L\000I\000V\000.}{}% 43
\BOOKMARK [0][-]{chapter.44}{\376\377\000C\000H\000A\000P\000T\000E\000R\000\040\000X\000L\000V\000.}{}% 44
\BOOKMARK [0][-]{chapter.45}{\376\377\000C\000h\000a\000p\000t\000e\000r\000\040\000X\000L\000V\000I\000.}{}% 45
\BOOKMARK [0][-]{chapter.46}{\376\377\000C\000H\000A\000P\000T\000E\000R\000\040\000X\000L\000V\000I\000I\000.}{}% 46
\BOOKMARK [0][-]{chapter.47}{\376\377\000C\000H\000A\000P\000T\000E\000R\000\040\000X\000L\000V\000I\000I\000I\000.}{}% 47
\BOOKMARK [0][-]{chapter.48}{\376\377\000C\000H\000A\000P\000T\000E\000R\000\040\000X\000L\000I\000X\000.}{}% 48
\BOOKMARK [0][-]{chapter.49}{\376\377\000C\000H\000A\000P\000T\000E\000R\000\040\000L\000.}{}% 49
\BOOKMARK [0][-]{chapter.50}{\376\377\000C\000H\000A\000P\000T\000E\000R\000\040\000L\000I\000.}{}% 50
\BOOKMARK [0][-]{chapter.51}{\376\377\000C\000H\000A\000P\000T\000E\000R\000\040\000L\000I\000I\000.}{}% 51
\BOOKMARK [0][-]{chapter.52}{\376\377\000C\000H\000A\000P\000T\000E\000R\000\040\000L\000I\000I\000I\000.}{}% 52
\BOOKMARK [0][-]{chapter.53}{\376\377\000C\000H\000A\000P\000T\000E\000R\000\040\000L\000I\000V\000.}{}% 53
\BOOKMARK [0][-]{chapter.54}{\376\377\000C\000H\000A\000P\000T\000E\000R\000\040\000L\000V\000.}{}% 54
\BOOKMARK [0][-]{chapter.55}{\376\377\000C\000H\000A\000P\000T\000E\000R\000\040\000L\000V\000I\000.}{}% 55
\BOOKMARK [0][-]{chapter.56}{\376\377\000C\000H\000A\000P\000T\000E\000R\000\040\000L\000V\000I\000I\000.}{}% 56
\BOOKMARK [0][-]{chapter.57}{\376\377\000C\000H\000A\000P\000T\000E\000R\000\040\000L\000V\000I\000I\000I\000.}{}% 57
\BOOKMARK [0][-]{chapter.58}{\376\377\000C\000H\000A\000P\000T\000E\000R\000\040\000L\000I\000X\000.}{}% 58
\BOOKMARK [0][-]{chapter.59}{\376\377\000C\000H\000A\000P\000T\000E\000R\000\040\000L\000X\000.}{}% 59
\BOOKMARK [0][-]{chapter.60}{\376\377\000C\000H\000A\000P\000T\000E\000R\000\040\000L\000X\000I\000.}{}% 60
