This is pdfTeX, Version 3.141592653-2.6-1.40.22 (TeX Live 2022/dev/Debian) (preloaded format=pdflatex 2024.12.4)  9 JAN 2025 10:00
entering extended mode
 restricted \write18 enabled.
 %&-line parsing enabled.
**book.tex
(./book.tex
LaTeX2e <2021-11-15> patch level 1
L3 programming layer <2022-01-21>
(/usr/share/texlive/texmf-dist/tex/latex/memoir/memoir.cls
Document Class: memoir 2021/06/16 v3.7p configurable book, report, article docu
ment class
\onelineskip=\skip47
\lxvchars=\skip48
\xlvchars=\skip49
\@memcnta=\count185
\c@@memmarkcntra=\count186
(/usr/share/texlive/texmf-dist/tex/generic/iftex/iftex.sty
Package: iftex 2020/03/06 v1.0d TeX engine tests
)
\stockheight=\skip50
\stockwidth=\skip51
\trimtop=\skip52
\trimedge=\skip53

(/usr/share/texlive/texmf-dist/tex/latex/memoir/mem11.clo
File: mem11.clo 2008/01/30 v0.3 memoir class 11pt size option
)
\binding=\skip54
\spinemargin=\skip55
\foremargin=\skip56
\uppermargin=\skip57
\lowermargin=\skip58
\headdrop=\skip59
\normalrulethickness=\skip60
\mem@maxheadheight=\skip61
\mem@maxfootheight=\skip62
\headwidth=\skip63
\c@storedpagenumber=\count187
\memPD=\dimen138
\m@mabparskip=\skip64
\thanksmarkwidth=\skip65
\thanksmarksep=\skip66
\droptitle=\skip67
\c@book=\count188
\c@part=\count189
\c@chapter=\count190
\c@section=\count191
\c@subsection=\count192
\c@subsubsection=\count193
\c@paragraph=\count194
\c@subparagraph=\count195
\beforechapskip=\skip68
\midchapskip=\skip69
\afterchapskip=\skip70
\chapindent=\skip71
\bottomsectionskip=\skip72
\secindent=\skip73
\beforesecskip=\skip74
\aftersecskip=\skip75
\subsecindent=\skip76
\beforesubsecskip=\skip77
\aftersubsecskip=\skip78
\subsubsecindent=\skip79
\beforesubsubsecskip=\skip80
\aftersubsubsecskip=\skip81
\paraindent=\skip82
\beforeparaskip=\skip83
\afterparaskip=\skip84
\subparaindent=\skip85
\beforesubparaskip=\skip86
\aftersubparaskip=\skip87
\pfbreakskip=\skip88
\c@@ppsavesec=\count196
\c@@ppsaveapp=\count197
\ragrparindent=\dimen139
\everylistparindent=\dimen140
\parsepi=\skip89
\topsepi=\skip90
\itemsepi=\skip91
\parsepii=\skip92
\topsepii=\skip93
\topsepiii=\skip94
\itemsepii=\skip95
\itemsepiii=\skip96
\partopsepii=\skip97
\partopsepiii=\skip98
\m@msavetopsep=\skip99
\m@msavepartopsep=\skip100
\@enLab=\toks16
\abstitleskip=\skip101
\absleftindent=\skip102
\abs@leftindent=\dimen141
\absrightindent=\skip103
\absparindent=\skip104
\absparsep=\skip105
\c@vslineno=\count198
\c@poemline=\count199
\c@modulo@vs=\count266
\c@memfvsline=\count267
\vleftskip=\skip106
\vrightskip=\skip107
\stanzaskip=\skip108
\versewidth=\skip109
\vgap=\skip110
\vindent=\skip111
\vleftmargin=\dimen142
\c@verse=\count268
\c@chrsinstr=\count269
\beforepoemtitleskip=\skip112
\afterpoemtitleskip=\skip113
\c@poem=\count270
\beforePoemTitleskip=\skip114
\midPoemTitleskip=\skip115
\afterPoemTitleskip=\skip116

(/usr/share/texlive/texmf-dist/tex/latex/tools/array.sty
Package: array 2021/10/04 v2.5f Tabular extension package (FMi)
\col@sep=\dimen143
\ar@mcellbox=\box50
\extrarowheight=\dimen144
\NC@list=\toks17
\extratabsurround=\skip117
\backup@length=\skip118
\ar@cellbox=\box51
)
(/usr/share/texlive/texmf-dist/tex/latex/tools/dcolumn.sty
Package: dcolumn 2014/10/28 v1.06 decimal alignment package (DPC)
)
(/usr/share/texlive/texmf-dist/tex/latex/tools/delarray.sty
Package: delarray 2014/10/28 v1.01 array delimiter package (DPC)
)
(/usr/share/texlive/texmf-dist/tex/latex/tools/tabularx.sty
Package: tabularx 2020/01/15 v2.11c `tabularx' package (DPC)
\TX@col@width=\dimen145
\TX@old@table=\dimen146
\TX@old@col=\dimen147
\TX@target=\dimen148
\TX@delta=\dimen149
\TX@cols=\count271
\TX@ftn=\toks18
)
\heavyrulewidth=\dimen150
\lightrulewidth=\dimen151
\cmidrulewidth=\dimen152
\belowrulesep=\dimen153
\belowbottomsep=\dimen154
\aboverulesep=\dimen155
\abovetopsep=\dimen156
\cmidrulesep=\dimen157
\cmidrulekern=\dimen158
\defaultaddspace=\dimen159
\@cmidla=\count272
\@cmidlb=\count273
\@aboverulesep=\dimen160
\@belowrulesep=\dimen161
\@thisruleclass=\count274
\@lastruleclass=\count275
\@thisrulewidth=\dimen162
\ctableftskip=\skip119
\ctabrightskip=\skip120
\abovecolumnspenalty=\count276
\@linestogo=\count277
\@cellstogo=\count278
\@cellsincolumn=\count279
\crtok=\toks19
\@mincolumnwidth=\dimen163
\c@newflo@tctr=\count280
\mem@margin@floatbox=\box52
\@contcwidth=\skip121
\@contindw=\skip122
\abovecaptionskip=\skip123
\belowcaptionskip=\skip124
\subfloattopskip=\skip125
\subfloatcapskip=\skip126
\subfloatcaptopadj=\skip127
\subfloatbottomskip=\skip128
\subfloatlabelskip=\skip129
\subfloatcapmargin=\dimen164
\c@@contsubnum=\count281
\m@mscap@capbox=\box53
\m@mscap@fbox=\box54
\sidecapsep=\dimen165
\sidecapwidth=\dimen166
\m@m@tempdima=\dimen167
\m@mscapraise=\dimen168
\sidecapraise=\dimen169
\m@mscapmainwidth=\dimen170
\m@mscaplkern=\dimen171
\beforeepigraphskip=\skip130
\afterepigraphskip=\skip131
\epigraphwidth=\skip132
\epigraphrule=\skip133
LaTeX Info: Redefining \em on input line 7654.
LaTeX Info: Redefining \emph on input line 7662.
\tocentryskip=\skip134
\tocbaseline=\skip135
\cftparskip=\skip136
\cftbeforebookskip=\skip137
\cftbookindent=\dimen172
\cftbooknumwidth=\dimen173
\cftbeforepartskip=\skip138
\cftpartindent=\skip139
\cftpartnumwidth=\skip140
\cftbeforechapterskip=\skip141
\cftchapterindent=\skip142
\cftchapternumwidth=\skip143
\cftbeforesectionskip=\skip144
\cftsectionindent=\skip145
\cftsectionnumwidth=\skip146
\cftbeforesubsectionskip=\skip147
\cftsubsectionindent=\skip148
\cftsubsectionnumwidth=\skip149
\cftbeforesubsubsectionskip=\skip150
\cftsubsubsectionindent=\skip151
\cftsubsubsectionnumwidth=\skip152
\cftbeforeparagraphskip=\skip153
\cftparagraphindent=\skip154
\cftparagraphnumwidth=\skip155
\cftbeforesubparagraphskip=\skip156
\cftsubparagraphindent=\skip157
\cftsubparagraphnumwidth=\skip158
\prechapterprecisshift=\dimen174
\c@maxsecnumdepth=\count282
\bibindent=\dimen175
\bibitemsep=\skip159
\indexcolsep=\skip160
\indexrule=\skip161
\indexmarkstyle=\toks20
\@indexbox=\insert252
\glossarycolsep=\dimen176
\glossaryrule=\dimen177
\sideparvshift=\skip162
\sideins=\insert251
\sidebartopsep=\skip163
\sidebarhsep=\skip164
\sidebarvsep=\skip165
\sidebarwidth=\skip166
\footmarkwidth=\skip167
\footmarksep=\skip168
\footparindent=\skip169
\footinsdim=\skip170
\footinsv@r=\insert250
\@mpfootinsv@r=\insert249
\m@m@k=\count283
\m@m@h=\dimen178
\m@mipn@skip=\skip171
\sidefootins=\insert248
\sidefootadjust=\skip172
\sidefootheight=\skip173
\sidefoothsep=\skip174
\sidefootvsep=\skip175
\sidefootwidth=\skip176
\m@mdownsf=\skip177
\c@sidefootnote=\count284
\sidefootmarkwidth=\skip178
\sidefootmarksep=\skip179
\sidefootparindent=\skip180
\c@pagenote=\count285
\c@pagenoteshadow=\count286
\mem@pn@lastkern=\skip181
\every@verbatim=\toks21
\afterevery@verbatim=\toks22
\verbatim@line=\toks23
\tab@position=\count287
\verbatim@in@stream=\read2
\verbatimindent=\skip182
\verbatim@out=\write3
\bvboxsep=\skip183
\c@memfbvline=\count288
\c@bvlinectr=\count289
\bvnumlength=\skip184
\fb@frw=\dimen179
\fb@frh=\dimen180
\FrameRule=\dimen181
\FrameSep=\dimen182


LaTeX hooks Warning: Generic hook 'package/before/framed' is deprecated.
(hooks)              Use hook 'package/framed/before' instead.

\c@cp@cntr=\count290
\c@ism@mctr=\count291
\c@xsm@mctr=\count292
\c@csm@mctr=\count293
\c@ksm@mctr=\count294
\c@xksm@mctr=\count295
\c@cksm@mctr=\count296
\c@msm@mctr=\count297
\c@xmsm@mctr=\count298
\c@cmsm@mctr=\count299
\c@bsm@mctr=\count300
\c@workm@mctr=\count301
\c@sheetsequence=\count302
\c@lastsheet=\count303
\c@lastpage=\count304
(/usr/share/texlive/texmf-dist/tex/latex/textcase/textcase.sty
Package: textcase 2019/09/14 v1.00 Text only upper/lower case changing (DPC)
)
\c@figure=\count305
\c@lofdepth=\count306
\cftbeforefigureskip=\skip185
\cftfigureindent=\skip186
\cftfigurenumwidth=\skip187
\c@table=\count307
\c@lotdepth=\count308
\cftbeforetableskip=\skip188
\cfttableindent=\skip189
\cfttablenumwidth=\skip190
Package abstract [2008/07/23] emulated by memoir.
Package appendix [2008/07/23] emulated by memoir.
Package booktabs [2016/05/16] emulated by memoir.
Package ccaption [2008/07/23] emulated by memoir.
Package changepage [2008/07/23] emulated by memoir.
Package chngcntr [2008/07/23] emulated by memoir.
Package chngpage [2008/07/23] emulated by memoir.
Package crop emulated by memoir.
Package enumerate [2008/07/23] emulated by memoir.
Package epigraph [2008/07/23] emulated by memoir.
Package ifmtarg [2008/07/23] emulated by memoir.
Package index [2008/07/23] emulated by memoir.
Package makeidx [2008/07/23] emulated by memoir.
Package moreverb [2008/07/23] emulated by memoir.
Package needspace [2008/07/23] emulated by memoir.
Package newfile [2008/07/23] emulated by memoir.
Package nextpage [2008/07/23] emulated by memoir.
Package pagenote [2008/07/23] emulated by memoir.
Package parskip [2008/07/23] emulated by memoir.
Package patchcmd [2008/07/23] emulated by memoir.
Package setspace [2008/07/23] emulated by memoir.
Package shortvrb [2008/07/23] emulated by memoir.
Package showidx [2008/07/23] emulated by memoir.
Package titleref [2008/07/23] emulated by memoir.
Package titling [2008/07/23] emulated by memoir.
Package tocbibind [2008/07/23] emulated by memoir.
Package tocloft [2008/07/23] emulated by memoir.
Package tocvsec2 [2008/07/23] emulated by memoir.
Package verbatim [2008/07/23] emulated by memoir.
Package verse [2008/07/23] emulated by memoir.


LaTeX hooks Warning: Generic hook 'package/before/float' is deprecated.
(hooks)              Use hook 'package/float/before' instead.

) (/usr/share/texlive/texmf-dist/tex/latex/base/fontenc.sty
Package: fontenc 2021/04/29 v2.0v Standard LaTeX package
)
(/usr/share/texlive/texmf-dist/tex/latex/base/inputenc.sty
Package: inputenc 2021/02/14 v1.3d Input encoding file
\inpenc@prehook=\toks24
\inpenc@posthook=\toks25
)
(/usr/share/texlive/texmf-dist/tex/latex/baskervaldx/Baskervaldx.sty
Package: Baskervaldx 2020/11/07 v1.075

`Baskervaldx' v1.075, 2020/11/07 Style file for Baskervaldx, an `expertized' up
date of Baskervald (msharpe)
(/usr/share/texlive/texmf-dist/tex/latex/base/fontenc.sty
Package: fontenc 2021/04/29 v2.0v Standard LaTeX package

(/usr/share/texlive/texmf-dist/tex/latex/ly1/ly1enc.def
File: ly1enc.def 2009/07/22 v0.7 TeX 'n ANSI encoding (DPC/KB)
Now handling font encoding LY1 ...
... processing UTF-8 mapping file for font encoding LY1

(/usr/share/texlive/texmf-dist/tex/latex/base/ly1enc.dfu
File: ly1enc.dfu 2021/06/21 v1.2n UTF-8 support
   defining Unicode char U+00A0 (decimal 160)
   defining Unicode char U+00A1 (decimal 161)
   defining Unicode char U+00A2 (decimal 162)
   defining Unicode char U+00A3 (decimal 163)
   defining Unicode char U+00A4 (decimal 164)
   defining Unicode char U+00A5 (decimal 165)
   defining Unicode char U+00A6 (decimal 166)
   defining Unicode char U+00A7 (decimal 167)
   defining Unicode char U+00AA (decimal 170)
   defining Unicode char U+00AB (decimal 171)
   defining Unicode char U+00AD (decimal 173)
   defining Unicode char U+00AE (decimal 174)
   defining Unicode char U+00B0 (decimal 176)
   defining Unicode char U+00B5 (decimal 181)
   defining Unicode char U+00B6 (decimal 182)
   defining Unicode char U+00B7 (decimal 183)
   defining Unicode char U+00BA (decimal 186)
   defining Unicode char U+00BB (decimal 187)
   defining Unicode char U+00BC (decimal 188)
   defining Unicode char U+00BD (decimal 189)
   defining Unicode char U+00BE (decimal 190)
   defining Unicode char U+00BF (decimal 191)
   defining Unicode char U+00C0 (decimal 192)
   defining Unicode char U+00C1 (decimal 193)
   defining Unicode char U+00C2 (decimal 194)
   defining Unicode char U+00C3 (decimal 195)
   defining Unicode char U+00C4 (decimal 196)
   defining Unicode char U+00C5 (decimal 197)
   defining Unicode char U+00C6 (decimal 198)
   defining Unicode char U+00C7 (decimal 199)
   defining Unicode char U+00C8 (decimal 200)
   defining Unicode char U+00C9 (decimal 201)
   defining Unicode char U+00CA (decimal 202)
   defining Unicode char U+00CB (decimal 203)
   defining Unicode char U+00CC (decimal 204)
   defining Unicode char U+00CD (decimal 205)
   defining Unicode char U+00CE (decimal 206)
   defining Unicode char U+00CF (decimal 207)
   defining Unicode char U+00D0 (decimal 208)
   defining Unicode char U+00D1 (decimal 209)
   defining Unicode char U+00D2 (decimal 210)
   defining Unicode char U+00D3 (decimal 211)
   defining Unicode char U+00D4 (decimal 212)
   defining Unicode char U+00D5 (decimal 213)
   defining Unicode char U+00D6 (decimal 214)
   defining Unicode char U+00D8 (decimal 216)
   defining Unicode char U+00D9 (decimal 217)
   defining Unicode char U+00DA (decimal 218)
   defining Unicode char U+00DB (decimal 219)
   defining Unicode char U+00DC (decimal 220)
   defining Unicode char U+00DD (decimal 221)
   defining Unicode char U+00DE (decimal 222)
   defining Unicode char U+00DF (decimal 223)
   defining Unicode char U+00E0 (decimal 224)
   defining Unicode char U+00E1 (decimal 225)
   defining Unicode char U+00E2 (decimal 226)
   defining Unicode char U+00E3 (decimal 227)
   defining Unicode char U+00E4 (decimal 228)
   defining Unicode char U+00E5 (decimal 229)
   defining Unicode char U+00E6 (decimal 230)
   defining Unicode char U+00E7 (decimal 231)
   defining Unicode char U+00E8 (decimal 232)
   defining Unicode char U+00E9 (decimal 233)
   defining Unicode char U+00EA (decimal 234)
   defining Unicode char U+00EB (decimal 235)
   defining Unicode char U+00EC (decimal 236)
   defining Unicode char U+00ED (decimal 237)
   defining Unicode char U+00EE (decimal 238)
   defining Unicode char U+00EF (decimal 239)
   defining Unicode char U+00F0 (decimal 240)
   defining Unicode char U+00F1 (decimal 241)
   defining Unicode char U+00F2 (decimal 242)
   defining Unicode char U+00F3 (decimal 243)
   defining Unicode char U+00F4 (decimal 244)
   defining Unicode char U+00F5 (decimal 245)
   defining Unicode char U+00F6 (decimal 246)
   defining Unicode char U+00F8 (decimal 248)
   defining Unicode char U+00F9 (decimal 249)
   defining Unicode char U+00FA (decimal 250)
   defining Unicode char U+00FB (decimal 251)
   defining Unicode char U+00FC (decimal 252)
   defining Unicode char U+00FD (decimal 253)
   defining Unicode char U+00FE (decimal 254)
   defining Unicode char U+00FF (decimal 255)
   defining Unicode char U+0131 (decimal 305)
   defining Unicode char U+0141 (decimal 321)
   defining Unicode char U+0142 (decimal 322)
   defining Unicode char U+0152 (decimal 338)
   defining Unicode char U+0153 (decimal 339)
   defining Unicode char U+0160 (decimal 352)
   defining Unicode char U+0161 (decimal 353)
   defining Unicode char U+0174 (decimal 372)
   defining Unicode char U+0175 (decimal 373)
   defining Unicode char U+0176 (decimal 374)
   defining Unicode char U+0177 (decimal 375)
   defining Unicode char U+0178 (decimal 376)
   defining Unicode char U+017D (decimal 381)
   defining Unicode char U+017E (decimal 382)
   defining Unicode char U+0192 (decimal 402)
   defining Unicode char U+0218 (decimal 536)
   defining Unicode char U+0219 (decimal 537)
   defining Unicode char U+021A (decimal 538)
   defining Unicode char U+021B (decimal 539)
   defining Unicode char U+0237 (decimal 567)
   defining Unicode char U+02C6 (decimal 710)
   defining Unicode char U+02DC (decimal 732)
   defining Unicode char U+2013 (decimal 8211)
   defining Unicode char U+2014 (decimal 8212)
   defining Unicode char U+201C (decimal 8220)
   defining Unicode char U+201D (decimal 8221)
   defining Unicode char U+2020 (decimal 8224)
   defining Unicode char U+2021 (decimal 8225)
   defining Unicode char U+2022 (decimal 8226)
   defining Unicode char U+2026 (decimal 8230)
   defining Unicode char U+2030 (decimal 8240)
   defining Unicode char U+2039 (decimal 8249)
   defining Unicode char U+203A (decimal 8250)
   defining Unicode char U+2122 (decimal 8482)
   defining Unicode char U+FB00 (decimal 64256)
   defining Unicode char U+FB01 (decimal 64257)
   defining Unicode char U+FB02 (decimal 64258)
   defining Unicode char U+FB03 (decimal 64259)
   defining Unicode char U+FB04 (decimal 64260)
   defining Unicode char U+FB05 (decimal 64261)
   defining Unicode char U+FB06 (decimal 64262)
)))
(/usr/share/texlive/texmf-dist/tex/latex/base/textcomp.sty
Package: textcomp 2020/02/02 v2.0n Standard LaTeX package
)
(/usr/share/texlive/texmf-dist/tex/latex/etoolbox/etoolbox.sty
Package: etoolbox 2020/10/05 v2.5k e-TeX tools for LaTeX (JAW)
\etb@tempcnta=\count309
)
(/usr/share/texlive/texmf-dist/tex/latex/carlisle/scalefnt.sty)
(/usr/share/texlive/texmf-dist/tex/latex/fontaxes/fontaxes.sty
Package: fontaxes 2020/07/21 v1.0e Font selection axes
LaTeX Info: Redefining \upshape on input line 29.
LaTeX Info: Redefining \itshape on input line 31.
LaTeX Info: Redefining \slshape on input line 33.
LaTeX Info: Redefining \swshape on input line 35.
LaTeX Info: Redefining \scshape on input line 37.
LaTeX Info: Redefining \sscshape on input line 39.
LaTeX Info: Redefining \ulcshape on input line 41.
LaTeX Info: Redefining \textsw on input line 47.
LaTeX Info: Redefining \textssc on input line 48.
LaTeX Info: Redefining \textulc on input line 49.
)
LaTeX Info: Redefining \swshape on input line 28.

(/usr/share/texlive/texmf-dist/tex/latex/xkeyval/xkeyval.sty
Package: xkeyval 2020/11/20 v2.8 package option processing (HA)

(/usr/share/texlive/texmf-dist/tex/generic/xkeyval/xkeyval.tex
(/usr/share/texlive/texmf-dist/tex/generic/xkeyval/xkvutils.tex
\XKV@toks=\toks26
\XKV@tempa@toks=\toks27

(/usr/share/texlive/texmf-dist/tex/generic/xkeyval/keyval.tex))
\XKV@depth=\count310
File: xkeyval.tex 2014/12/03 v2.7a key=value parser (HA)
)))
(/usr/share/texlive/texmf-dist/tex/latex/caption/caption.sty
Package: caption 2020/10/26 v3.5g Customizing captions (AR)

(/usr/share/texlive/texmf-dist/tex/latex/caption/caption3.sty
Package: caption3 2020/10/21 v2.2e caption3 kernel (AR)
\captionmargin=\dimen183
\captionmargin@=\dimen184
\captionwidth=\dimen185
\caption@tempdima=\dimen186
\caption@indent=\dimen187
\caption@parindent=\dimen188
\caption@hangindent=\dimen189
Package caption Info: memoir document class detected.

(/usr/share/texlive/texmf-dist/tex/latex/caption/caption-memoir.sto
File: caption-memoir.sto 2020/10/10 v2.1 Adaption of the caption package to the
 memoir document class (AR)
))
\c@caption@flags=\count311
\c@continuedfloat=\count312
Package caption Info: changepage package is loaded.
\caption@adjustwidth@hsize=\dimen190
\caption@adjustwidth@linewidth=\dimen191
)

******************************************************
Stock height and width: 614.295pt by 397.48499pt
Top and edge trims: 0pt and 0pt
Page height and width: 614.295pt by 397.48499pt
Text height and width: 473.4002pt by 271pt
Spine and edge margins: 72.26999pt and 54.2025pt
Upper and lower margins: 72.26999pt and 68.6248pt
Headheight and headsep: 13.6pt and 19.8738pt
Footskip: 27.46295pt
Columnsep and columnseprule: 10pt and 0pt
Marginparsep and marginparwidth: 7pt and 40.2025pt
Sidecapsep and sidecapwidth: 7pt and 51pt
Sidebarhsep and sidebarwidth: 7pt and 51pt
Sidebarvsep and sidebartopsep: 13.6pt and 0pt
Sidebarheight: 363.12012pt
Sidefoothsep and sidefootwidth: 7pt and 51pt
Sidefootvsep and sidefootheight: 13.6pt and 363.12012pt
******************************************************

(/usr/share/texlive/texmf-dist/tex/latex/graphics/graphicx.sty
Package: graphicx 2021/09/16 v1.2d Enhanced LaTeX Graphics (DPC,SPQR)

(/usr/share/texlive/texmf-dist/tex/latex/graphics/graphics.sty
Package: graphics 2021/03/04 v1.4d Standard LaTeX Graphics (DPC,SPQR)

(/usr/share/texlive/texmf-dist/tex/latex/graphics/trig.sty
Package: trig 2021/08/11 v1.11 sin cos tan (DPC)
)
(/usr/share/texlive/texmf-dist/tex/latex/graphics-cfg/graphics.cfg
File: graphics.cfg 2016/06/04 v1.11 sample graphics configuration
)
Package graphics Info: Driver file: pdftex.def on input line 107.

(/usr/share/texlive/texmf-dist/tex/latex/graphics-def/pdftex.def
File: pdftex.def 2020/10/05 v1.2a Graphics/color driver for pdftex
))
\Gin@req@height=\dimen192
\Gin@req@width=\dimen193
)
(/usr/share/texlive/texmf-dist/tex/latex/hyperref/hyperref.sty
Package: hyperref 2021-06-07 v7.00m Hypertext links for LaTeX

(/usr/share/texlive/texmf-dist/tex/generic/ltxcmds/ltxcmds.sty
Package: ltxcmds 2020-05-10 v1.25 LaTeX kernel commands for general use (HO)
)
(/usr/share/texlive/texmf-dist/tex/generic/pdftexcmds/pdftexcmds.sty
Package: pdftexcmds 2020-06-27 v0.33 Utility functions of pdfTeX for LuaTeX (HO
)

(/usr/share/texlive/texmf-dist/tex/generic/infwarerr/infwarerr.sty
Package: infwarerr 2019/12/03 v1.5 Providing info/warning/error messages (HO)
)
Package pdftexcmds Info: \pdf@primitive is available.
Package pdftexcmds Info: \pdf@ifprimitive is available.
Package pdftexcmds Info: \pdfdraftmode found.
)
(/usr/share/texlive/texmf-dist/tex/generic/kvsetkeys/kvsetkeys.sty
Package: kvsetkeys 2019/12/15 v1.18 Key value parser (HO)
)
(/usr/share/texlive/texmf-dist/tex/generic/kvdefinekeys/kvdefinekeys.sty
Package: kvdefinekeys 2019-12-19 v1.6 Define keys (HO)
)
(/usr/share/texlive/texmf-dist/tex/generic/pdfescape/pdfescape.sty
Package: pdfescape 2019/12/09 v1.15 Implements pdfTeX's escape features (HO)
)
(/usr/share/texlive/texmf-dist/tex/latex/hycolor/hycolor.sty
Package: hycolor 2020-01-27 v1.10 Color options for hyperref/bookmark (HO)
)
(/usr/share/texlive/texmf-dist/tex/latex/letltxmacro/letltxmacro.sty
Package: letltxmacro 2019/12/03 v1.6 Let assignment for LaTeX macros (HO)
)
(/usr/share/texlive/texmf-dist/tex/latex/auxhook/auxhook.sty
Package: auxhook 2019-12-17 v1.6 Hooks for auxiliary files (HO)
)
(/usr/share/texlive/texmf-dist/tex/latex/kvoptions/kvoptions.sty
Package: kvoptions 2020-10-07 v3.14 Key value format for package options (HO)
)
\@linkdim=\dimen194
\Hy@linkcounter=\count313
\Hy@pagecounter=\count314

(/usr/share/texlive/texmf-dist/tex/latex/hyperref/pd1enc.def
File: pd1enc.def 2021-06-07 v7.00m Hyperref: PDFDocEncoding definition (HO)
Now handling font encoding PD1 ...
... no UTF-8 mapping file for font encoding PD1
)
(/usr/share/texlive/texmf-dist/tex/latex/hyperref/hyperref-langpatches.def
File: hyperref-langpatches.def 2021-06-07 v7.00m Hyperref: patches for babel la
nguages
)
(/usr/share/texlive/texmf-dist/tex/generic/intcalc/intcalc.sty
Package: intcalc 2019/12/15 v1.3 Expandable calculations with integers (HO)
)
(/usr/share/texlive/texmf-dist/tex/generic/etexcmds/etexcmds.sty
Package: etexcmds 2019/12/15 v1.7 Avoid name clashes with e-TeX commands (HO)
)
\Hy@SavedSpaceFactor=\count315

(/usr/share/texlive/texmf-dist/tex/latex/hyperref/puenc.def
File: puenc.def 2021-06-07 v7.00m Hyperref: PDF Unicode definition (HO)
Now handling font encoding PU ...
... no UTF-8 mapping file for font encoding PU
)
Package hyperref Info: Hyper figures OFF on input line 4192.
Package hyperref Info: Link nesting OFF on input line 4197.
Package hyperref Info: Hyper index ON on input line 4200.
Package hyperref Info: Plain pages OFF on input line 4207.
Package hyperref Info: Backreferencing OFF on input line 4212.
Package hyperref Info: Implicit mode ON; LaTeX internals redefined.
Package hyperref Info: Bookmarks ON on input line 4445.
\c@Hy@tempcnt=\count316

(/usr/share/texlive/texmf-dist/tex/latex/url/url.sty
\Urlmuskip=\muskip16
Package: url 2013/09/16  ver 3.4  Verb mode for urls, etc.
)
LaTeX Info: Redefining \url on input line 4804.
\XeTeXLinkMargin=\dimen195

(/usr/share/texlive/texmf-dist/tex/generic/bitset/bitset.sty
Package: bitset 2019/12/09 v1.3 Handle bit-vector datatype (HO)

(/usr/share/texlive/texmf-dist/tex/generic/bigintcalc/bigintcalc.sty
Package: bigintcalc 2019/12/15 v1.5 Expandable calculations on big integers (HO
)
))
\Fld@menulength=\count317
\Field@Width=\dimen196
\Fld@charsize=\dimen197
Package hyperref Info: Hyper figures OFF on input line 6076.
Package hyperref Info: Link nesting OFF on input line 6081.
Package hyperref Info: Hyper index ON on input line 6084.
Package hyperref Info: backreferencing OFF on input line 6091.
Package hyperref Info: Link coloring OFF on input line 6096.
Package hyperref Info: Link coloring with OCG OFF on input line 6101.
Package hyperref Info: PDF/A mode OFF on input line 6106.
LaTeX Info: Redefining \ref on input line 6146.
LaTeX Info: Redefining \pageref on input line 6150.

(/usr/share/texlive/texmf-dist/tex/latex/base/atbegshi-ltx.sty
Package: atbegshi-ltx 2021/01/10 v1.0c Emulation of the original atbegshi
package with kernel methods
)
\Hy@abspage=\count318
\c@Item=\count319
\c@Hfootnote=\count320
)
(/usr/share/texlive/texmf-dist/tex/latex/memoir/memhfixc.sty
Package: memhfixc 2021/06/16 v1.19 nameref/hyperref package fixes for memoir cl
ass


LaTeX hooks Warning: Generic hook 'package/after/nameref' is deprecated.
(hooks)              Use hook 'package/nameref/after' instead.

\c@memhycontfloat=\count321
\c@Hpagenote=\count322

LaTeX hooks Warning: Generic hook 'package/after/hypcap' is deprecated.
(hooks)              Use hook 'package/hypcap/after' instead.

)
Package hyperref Info: Driver (autodetected): hpdftex.
 (/usr/share/texlive/texmf-dist/tex/latex/hyperref/hpdftex.def
File: hpdftex.def 2021-06-07 v7.00m Hyperref driver for pdfTeX

(/usr/share/texlive/texmf-dist/tex/latex/base/atveryend-ltx.sty
Package: atveryend-ltx 2020/08/19 v1.0a Emulation of the original atveryend pac
kage
with kernel methods
)
\Fld@listcount=\count323
\c@bookmark@seq@number=\count324

(/usr/share/texlive/texmf-dist/tex/latex/rerunfilecheck/rerunfilecheck.sty
Package: rerunfilecheck 2019/12/05 v1.9 Rerun checks for auxiliary files (HO)

(/usr/share/texlive/texmf-dist/tex/generic/uniquecounter/uniquecounter.sty
Package: uniquecounter 2019/12/15 v1.4 Provide unlimited unique counter (HO)
)
Package uniquecounter Info: New unique counter `rerunfilecheck' on input line 2
86.
)
\Hy@SectionHShift=\skip191
)
(/usr/share/texlive/texmf-dist/tex/latex/csquotes/csquotes.sty
Package: csquotes 2021-02-22 v5.2l context-sensitive quotations (JAW)
\csq@reset=\count325
\csq@gtype=\count326
\csq@glevel=\count327
\csq@qlevel=\count328
\csq@maxlvl=\count329
\csq@tshold=\count330
\csq@ltx@everypar=\toks28

(/usr/share/texlive/texmf-dist/tex/latex/csquotes/csquotes.def
File: csquotes.def 2021-02-22 v5.2l csquotes generic definitions (JAW)
)
Package csquotes Info: Trying to load configuration file 'csquotes.cfg'...
Package csquotes Info: ... configuration file loaded successfully.

(/usr/share/texlive/texmf-dist/tex/latex/csquotes/csquotes.cfg
File: csquotes.cfg 
))
LaTeX Font Info:    Trying to load font information for T1+Baskervaldx-TLF on i
nput line 55.

(/usr/share/texlive/texmf-dist/tex/latex/baskervaldx/T1Baskervaldx-TLF.fd
File: T1Baskervaldx-TLF.fd 2014/03/31 (autoinst) Font definitions for T1/Basker
valdx-TLF.
)
LaTeX Font Info:    Font shape `T1/Baskervaldx-TLF/m/n' will be
(Font)              scaled to size 10.95pt on input line 55.
Package csquotes Info: Checking for multilingual support...
Package csquotes Info: ... none found.

(/usr/share/texlive/texmf-dist/tex/latex/l3backend/l3backend-pdftex.def
File: l3backend-pdftex.def 2022-01-12 L3 backend support: PDF output (pdfTeX)
\l__color_backend_stack_int=\count331
\l__pdf_internal_box=\box55
)
(./book.aux (./copyright.aux) (./preface.aux) (./main_matter.aux

LaTeX Warning: Label `fig:image1' multiply defined.


LaTeX Warning: Label `fig:image1' multiply defined.


LaTeX Warning: Label `fig:image' multiply defined.


LaTeX Warning: Label `fig:image' multiply defined.


LaTeX Warning: Label `fig:image' multiply defined.


LaTeX Warning: Label `fig:image' multiply defined.


LaTeX Warning: Label `fig:image' multiply defined.


LaTeX Warning: Label `fig:image' multiply defined.


LaTeX Warning: Label `fig:image' multiply defined.


LaTeX Warning: Label `fig:image' multiply defined.


LaTeX Warning: Label `fig:image' multiply defined.


LaTeX Warning: Label `fig:image' multiply defined.


LaTeX Warning: Label `fig:image' multiply defined.


LaTeX Warning: Label `fig:image' multiply defined.


LaTeX Warning: Label `fig:image' multiply defined.


LaTeX Warning: Label `fig:image' multiply defined.


LaTeX Warning: Label `fig:image' multiply defined.


LaTeX Warning: Label `fig:image' multiply defined.


LaTeX Warning: Label `fig:image' multiply defined.


LaTeX Warning: Label `fig:image' multiply defined.


LaTeX Warning: Label `fig:image' multiply defined.


LaTeX Warning: Label `fig:image' multiply defined.


LaTeX Warning: Label `fig:image' multiply defined.


LaTeX Warning: Label `fig:image' multiply defined.


LaTeX Warning: Label `fig:image' multiply defined.


LaTeX Warning: Label `fig:image' multiply defined.


LaTeX Warning: Label `fig:image' multiply defined.


LaTeX Warning: Label `fig:image' multiply defined.


LaTeX Warning: Label `fig:image' multiply defined.


LaTeX Warning: Label `fig:image' multiply defined.


LaTeX Warning: Label `fig:image' multiply defined.


LaTeX Warning: Label `fig:image' multiply defined.


LaTeX Warning: Label `fig:image' multiply defined.


LaTeX Warning: Label `fig:image' multiply defined.


LaTeX Warning: Label `fig:image' multiply defined.


LaTeX Warning: Label `fig:image' multiply defined.


LaTeX Warning: Label `fig:image' multiply defined.


LaTeX Warning: Label `fig:image' multiply defined.


LaTeX Warning: Label `fig:image' multiply defined.


LaTeX Warning: Label `fig:image' multiply defined.


LaTeX Warning: Label `fig:image' multiply defined.


LaTeX Warning: Label `fig:image' multiply defined.


LaTeX Warning: Label `fig:image' multiply defined.


LaTeX Warning: Label `fig:image' multiply defined.


LaTeX Warning: Label `fig:image' multiply defined.


LaTeX Warning: Label `fig:image' multiply defined.


LaTeX Warning: Label `fig:image' multiply defined.


LaTeX Warning: Label `fig:image' multiply defined.


LaTeX Warning: Label `fig:image' multiply defined.


LaTeX Warning: Label `fig:image' multiply defined.


LaTeX Warning: Label `fig:image' multiply defined.


LaTeX Warning: Label `fig:image' multiply defined.


LaTeX Warning: Label `fig:image' multiply defined.


LaTeX Warning: Label `fig:image' multiply defined.


LaTeX Warning: Label `fig:image' multiply defined.


LaTeX Warning: Label `fig:image' multiply defined.


LaTeX Warning: Label `fig:image' multiply defined.


LaTeX Warning: Label `fig:image' multiply defined.


LaTeX Warning: Label `fig:image' multiply defined.


LaTeX Warning: Label `fig:image' multiply defined.


LaTeX Warning: Label `fig:image' multiply defined.


LaTeX Warning: Label `fig:image' multiply defined.


LaTeX Warning: Label `fig:image' multiply defined.


LaTeX Warning: Label `fig:image' multiply defined.


LaTeX Warning: Label `fig:image' multiply defined.


LaTeX Warning: Label `fig:image' multiply defined.


LaTeX Warning: Label `fig:image' multiply defined.


LaTeX Warning: Label `fig:image' multiply defined.


LaTeX Warning: Label `fig:image' multiply defined.


LaTeX Warning: Label `fig:image' multiply defined.


LaTeX Warning: Label `fig:image' multiply defined.


LaTeX Warning: Label `fig:image' multiply defined.


LaTeX Warning: Label `fig:image' multiply defined.


LaTeX Warning: Label `fig:image' multiply defined.

))
\openout1 = `book.aux'.

LaTeX Font Info:    Checking defaults for OML/cmm/m/it on input line 55.
LaTeX Font Info:    ... okay on input line 55.
LaTeX Font Info:    Checking defaults for OMS/cmsy/m/n on input line 55.
LaTeX Font Info:    ... okay on input line 55.
LaTeX Font Info:    Checking defaults for OT1/cmr/m/n on input line 55.
LaTeX Font Info:    ... okay on input line 55.
LaTeX Font Info:    Checking defaults for T1/cmr/m/n on input line 55.
LaTeX Font Info:    ... okay on input line 55.
LaTeX Font Info:    Checking defaults for TS1/cmr/m/n on input line 55.
LaTeX Font Info:    ... okay on input line 55.
LaTeX Font Info:    Checking defaults for OMX/cmex/m/n on input line 55.
LaTeX Font Info:    ... okay on input line 55.
LaTeX Font Info:    Checking defaults for U/cmr/m/n on input line 55.
LaTeX Font Info:    ... okay on input line 55.
LaTeX Font Info:    Checking defaults for LY1/ptm/m/n on input line 55.
LaTeX Font Info:    Trying to load font information for LY1+ptm on input line 5
5.
 (/usr/share/texlive/texmf-dist/tex/latex/ly1/ly1ptm.fd
File: ly1ptm.fd 2001/02/01 font definitions for LY1/ptm using Berry names.
)
LaTeX Font Info:    ... okay on input line 55.
LaTeX Font Info:    Checking defaults for PD1/pdf/m/n on input line 55.
LaTeX Font Info:    ... okay on input line 55.
LaTeX Font Info:    Checking defaults for PU/pdf/m/n on input line 55.
LaTeX Font Info:    ... okay on input line 55.
\c@mv@tabular=\count332
\c@mv@boldtabular=\count333
Package caption Info: Begin \AtBeginDocument code.
Package caption Info: hyperref package is loaded.
Package caption Info: End \AtBeginDocument code.

(/usr/share/texlive/texmf-dist/tex/context/base/mkii/supp-pdf.mkii
[Loading MPS to PDF converter (version 2006.09.02).]
\scratchcounter=\count334
\scratchdimen=\dimen198
\scratchbox=\box56
\nofMPsegments=\count335
\nofMParguments=\count336
\everyMPshowfont=\toks29
\MPscratchCnt=\count337
\MPscratchDim=\dimen199
\MPnumerator=\count338
\makeMPintoPDFobject=\count339
\everyMPtoPDFconversion=\toks30
) (/usr/share/texlive/texmf-dist/tex/latex/epstopdf-pkg/epstopdf-base.sty
Package: epstopdf-base 2020-01-24 v2.11 Base part for package epstopdf
Package epstopdf-base Info: Redefining graphics rule for `.eps' on input line 4
85.

(/usr/share/texlive/texmf-dist/tex/latex/latexconfig/epstopdf-sys.cfg
File: epstopdf-sys.cfg 2010/07/13 v1.3 Configuration of (r)epstopdf for TeX Liv
e
))
Package hyperref Info: Link coloring OFF on input line 55.

(/usr/share/texlive/texmf-dist/tex/latex/hyperref/nameref.sty
Package: nameref 2021-04-02 v2.47 Cross-referencing by name of section

(/usr/share/texlive/texmf-dist/tex/latex/refcount/refcount.sty
Package: refcount 2019/12/15 v3.6 Data extraction from label references (HO)
)
(/usr/share/texlive/texmf-dist/tex/generic/gettitlestring/gettitlestring.sty
Package: gettitlestring 2019/12/15 v1.6 Cleanup title references (HO)
)
\c@section@level=\count340
)
Redoing nameref's sectioning
Redoing nameref's label
LaTeX Info: Redefining \nameref on input line 55.
LaTeX Info: Redefining \ref on input line 55.
LaTeX Info: Redefining \pageref on input line 55.
LaTeX Info: Redefining \nameref on input line 55.
(./book.out) (./book.out)
\@outlinefile=\write4
\openout4 = `book.out'.

LaTeX Font Info:    Font shape `T1/Baskervaldx-TLF/m/n' will be
(Font)              scaled to size 17.28pt on input line 58.
LaTeX Font Info:    Font shape `T1/Baskervaldx-TLF/m/n' will be
(Font)              scaled to size 12.0pt on input line 58.
LaTeX Font Info:    External font `cmex10' loaded for size
(Font)              <12> on input line 58.
LaTeX Font Info:    External font `cmex10' loaded for size
(Font)              <8> on input line 58.
LaTeX Font Info:    External font `cmex10' loaded for size
(Font)              <6> on input line 58.
 [1


{/var/lib/texmf/fonts/map/pdftex/updmap/pdftex.map}]
\openout2 = `copyright.aux'.

 (./copyright.tex
LaTeX Font Info:    Font shape `T1/Baskervaldx-TLF/m/it' will be
(Font)              scaled to size 10.95pt on input line 6.
) [2

]
\openout2 = `preface.aux'.

 (./preface.tex
LaTeX Font Info:    Font shape `T1/Baskervaldx-TLF/m/n' will be
(Font)              scaled to size 24.88pt on input line 1.
LaTeX Font Info:    Font shape `T1/Baskervaldx-TLF/b/n' will be
(Font)              scaled to size 24.88pt on input line 1.
LaTeX Font Info:    Font shape `T1/Baskervaldx-TLF/m/n' will be
(Font)              scaled to size 9.0pt on input line 4.
LaTeX Font Info:    Font shape `T1/Baskervaldx-TLF/m/it' will be
(Font)              scaled to size 9.0pt on input line 6.
 [3




] [4

] [5]
LaTeX Font Info:    Font shape `T1/Baskervaldx-TLF/m/sl' in size <10.95> not av
ailable
(Font)              Font shape `T1/Baskervaldx-TLF/m/it' tried instead on input
 line 31.
LaTeX Font Info:    Font shape `T1/Baskervaldx-TLF/m/it' will be
(Font)              scaled to size 10.95pt on input line 31.
 [6] [7] [8] [9] [10]
[11] [12] [13] [14]
LaTeX Font Info:    Font shape `T1/Baskervaldx-TLF/m/n' will be
(Font)              scaled to size 14.4pt on input line 59.
LaTeX Font Info:    Font shape `T1/Baskervaldx-TLF/b/n' will be
(Font)              scaled to size 14.4pt on input line 59.
LaTeX Font Info:    Font shape `T1/Baskervaldx-TLF/b/it' will be
(Font)              scaled to size 14.4pt on input line 59.
 [15

] [16] [17] [18]
Underfull \vbox (badness 10000) has occurred while \output is active []

 [19]
[20] [21] [22] [23] [24]) [25] (./book.toc
LaTeX Font Info:    Font shape `T1/Baskervaldx-TLF/b/n' will be
(Font)              scaled to size 9.0pt on input line 1.
LaTeX Font Info:    External font `cmex10' loaded for size
(Font)              <9> on input line 1.
LaTeX Font Info:    External font `cmex10' loaded for size
(Font)              <5> on input line 1.

Overfull \hbox (4.53595pt too wide) detected at line 5
 \T1/Baskervaldx-TLF/b/n/9 xxvi
 []


Overfull \hbox (4.86894pt too wide) detected at line 6
 \T1/Baskervaldx-TLF/b/n/9 xxxi
 []

[26


]
Overfull \hbox (0.62993pt too wide) detected at line 23
 \T1/Baskervaldx-TLF/b/n/9 107
 []


Overfull \hbox (0.62993pt too wide) detected at line 24
 \T1/Baskervaldx-TLF/b/n/9 113
 []


Overfull \hbox (0.62993pt too wide) detected at line 25
 \T1/Baskervaldx-TLF/b/n/9 129
 []


Overfull \hbox (0.62993pt too wide) detected at line 26
 \T1/Baskervaldx-TLF/b/n/9 135
 []


Overfull \hbox (0.62993pt too wide) detected at line 27
 \T1/Baskervaldx-TLF/b/n/9 141
 []


Overfull \hbox (0.62993pt too wide) detected at line 28
 \T1/Baskervaldx-TLF/b/n/9 149
 []


Overfull \hbox (0.62993pt too wide) detected at line 29
 \T1/Baskervaldx-TLF/b/n/9 155
 []


Overfull \hbox (0.62993pt too wide) detected at line 30
 \T1/Baskervaldx-TLF/b/n/9 161
 []


Overfull \hbox (0.62993pt too wide) detected at line 31
 \T1/Baskervaldx-TLF/b/n/9 167
 []


Overfull \hbox (0.62993pt too wide) detected at line 32
 \T1/Baskervaldx-TLF/b/n/9 173
 []


Overfull \hbox (0.62993pt too wide) detected at line 33
 \T1/Baskervaldx-TLF/b/n/9 181
 []


Overfull \hbox (0.62993pt too wide) detected at line 34
 \T1/Baskervaldx-TLF/b/n/9 187
 []


Overfull \hbox (0.62993pt too wide) detected at line 35
 \T1/Baskervaldx-TLF/b/n/9 193
 []

[27]
Overfull \hbox (0.62993pt too wide) detected at line 36
 \T1/Baskervaldx-TLF/b/n/9 201
 []


Overfull \hbox (0.62993pt too wide) detected at line 37
 \T1/Baskervaldx-TLF/b/n/9 207
 []


Overfull \hbox (0.62993pt too wide) detected at line 38
 \T1/Baskervaldx-TLF/b/n/9 213
 []


Overfull \hbox (0.62993pt too wide) detected at line 39
 \T1/Baskervaldx-TLF/b/n/9 219
 []


Overfull \hbox (0.62993pt too wide) detected at line 40
 \T1/Baskervaldx-TLF/b/n/9 227
 []


Overfull \hbox (0.62993pt too wide) detected at line 41
 \T1/Baskervaldx-TLF/b/n/9 235
 []


Overfull \hbox (0.62993pt too wide) detected at line 42
 \T1/Baskervaldx-TLF/b/n/9 245
 []


Overfull \hbox (0.62993pt too wide) detected at line 43
 \T1/Baskervaldx-TLF/b/n/9 251
 []


Overfull \hbox (0.62993pt too wide) detected at line 44
 \T1/Baskervaldx-TLF/b/n/9 257
 []


Overfull \hbox (0.62993pt too wide) detected at line 45
 \T1/Baskervaldx-TLF/b/n/9 261
 []


Overfull \hbox (0.62993pt too wide) detected at line 46
 \T1/Baskervaldx-TLF/b/n/9 267
 []


Overfull \hbox (0.62993pt too wide) detected at line 47
 \T1/Baskervaldx-TLF/b/n/9 273
 []


Overfull \hbox (0.62993pt too wide) detected at line 48
 \T1/Baskervaldx-TLF/b/n/9 281
 []


Overfull \hbox (0.62993pt too wide) detected at line 49
 \T1/Baskervaldx-TLF/b/n/9 287
 []


Overfull \hbox (0.62993pt too wide) detected at line 50
 \T1/Baskervaldx-TLF/b/n/9 301
 []


Overfull \hbox (0.62993pt too wide) detected at line 51
 \T1/Baskervaldx-TLF/b/n/9 309
 []


Overfull \hbox (0.62993pt too wide) detected at line 52
 \T1/Baskervaldx-TLF/b/n/9 315
 []


Overfull \hbox (0.62993pt too wide) detected at line 53
 \T1/Baskervaldx-TLF/b/n/9 325
 []


Overfull \hbox (0.62993pt too wide) detected at line 54
 \T1/Baskervaldx-TLF/b/n/9 337
 []


Overfull \hbox (0.62993pt too wide) detected at line 55
 \T1/Baskervaldx-TLF/b/n/9 345
 []

[28]
Overfull \hbox (0.62993pt too wide) detected at line 56
 \T1/Baskervaldx-TLF/b/n/9 353
 []


Overfull \hbox (0.62993pt too wide) detected at line 57
 \T1/Baskervaldx-TLF/b/n/9 361
 []


Overfull \hbox (0.62993pt too wide) detected at line 58
 \T1/Baskervaldx-TLF/b/n/9 367
 []


Overfull \hbox (0.62993pt too wide) detected at line 59
 \T1/Baskervaldx-TLF/b/n/9 375
 []


Overfull \hbox (0.62993pt too wide) detected at line 60
 \T1/Baskervaldx-TLF/b/n/9 385
 []


Overfull \hbox (0.62993pt too wide) detected at line 61
 \T1/Baskervaldx-TLF/b/n/9 391
 []


Overfull \hbox (0.62993pt too wide) detected at line 62
 \T1/Baskervaldx-TLF/b/n/9 399
 []


Overfull \hbox (0.62993pt too wide) detected at line 63
 \T1/Baskervaldx-TLF/b/n/9 407
 []


Overfull \hbox (0.62993pt too wide) detected at line 64
 \T1/Baskervaldx-TLF/b/n/9 413
 []


Overfull \hbox (0.62993pt too wide) detected at line 65
 \T1/Baskervaldx-TLF/b/n/9 421
 []


Overfull \hbox (0.62993pt too wide) detected at line 66
 \T1/Baskervaldx-TLF/b/n/9 429
 []


Overfull \hbox (0.62993pt too wide) detected at line 67
 \T1/Baskervaldx-TLF/b/n/9 435
 []

) [29] [30

] [31] [32] [33] [34]
\openout2 = `main_matter.aux'.

 (./main_matter.tex
<illustrations/i_031.jpg, id=485, 289.08pt x 230.5413pt>
File: illustrations/i_031.jpg Graphic file (type jpg)
<use illustrations/i_031.jpg>
Package pdftex.def Info: illustrations/i_031.jpg  used on input line 20.
(pdftex.def)             Requested size: 271.0pt x 216.13194pt.
 [1



] [2 <./illustrations/i_031.jpg>]
<illustrations/i_034.jpg, id=495, 233.1912pt x 289.08pt>
File: illustrations/i_034.jpg Graphic file (type jpg)
<use illustrations/i_034.jpg>
Package pdftex.def Info: illustrations/i_034.jpg  used on input line 56.
(pdftex.def)             Requested size: 271.0pt x 335.95056pt.

Underfull \vbox (badness 4108) has occurred while \output is active []

 [3 <./illustrations/i_034.jpg>] [4]
<illustrations/i_035_a.jpg, id=506, 289.08pt x 210.3057pt>
File: illustrations/i_035_a.jpg Graphic file (type jpg)
<use illustrations/i_035_a.jpg>
Package pdftex.def Info: illustrations/i_035_a.jpg  used on input line 87.
(pdftex.def)             Requested size: 271.0pt x 197.1611pt.
 [5

 <./illustrations/i_035_a.jpg>] [6]
<illustrations/i_038.jpg, id=516, 202.5969pt x 289.08pt>
File: illustrations/i_038.jpg Graphic file (type jpg)
<use illustrations/i_038.jpg>
Package pdftex.def Info: illustrations/i_038.jpg  used on input line 146.
(pdftex.def)             Requested size: 271.0pt x 386.68588pt.
 [7] [8 <./illustrations/i_038.jpg>]
<illustrations/i_039_a.jpg, id=526, 212.2329pt x 289.08pt>
File: illustrations/i_039_a.jpg Graphic file (type jpg)
<use illustrations/i_039_a.jpg>
Package pdftex.def Info: illustrations/i_039_a.jpg  used on input line 157.
(pdftex.def)             Requested size: 271.0pt x 369.14775pt.
 [9

] [10 <./illustrations/i_039_a.jpg>]
<illustrations/i_041.jpg, id=537, 196.8153pt x 289.08pt>
File: illustrations/i_041.jpg Graphic file (type jpg)
<use illustrations/i_041.jpg>
Package pdftex.def Info: illustrations/i_041.jpg  used on input line 177.
(pdftex.def)             Requested size: 271.0pt x 398.0442pt.
 [11] [12 <./illustrations/i_041.jpg>]
<illustrations/i_044.jpg, id=547, 239.4546pt x 289.08pt>
File: illustrations/i_044.jpg Graphic file (type jpg)
<use illustrations/i_044.jpg>
Package pdftex.def Info: illustrations/i_044.jpg  used on input line 203.
(pdftex.def)             Requested size: 271.0pt x 327.18149pt.
 [13] [14 <./illustrations/i_044.jpg>] [15] [16]
<illustrations/i_047_a.jpg, id=566, 289.08pt x 148.1535pt>
File: illustrations/i_047_a.jpg Graphic file (type jpg)
<use illustrations/i_047_a.jpg>
Package pdftex.def Info: illustrations/i_047_a.jpg  used on input line 227.
(pdftex.def)             Requested size: 271.0pt x 138.89355pt.
 [17

 <./illustrations/i_047_a.jpg>]
Overfull \hbox (0.62762pt too wide) in paragraph at lines 253--254
[]\T1/Baskervaldx-TLF/m/n/9 Elizabeth lis-tened in si-lence, but was not con-vi
nced: their be-haviour
 []

[18] [19] [20]
<illustrations/i_051_a.jpg, id=584, 289.08pt x 142.6128pt>
File: illustrations/i_051_a.jpg Graphic file (type jpg)
<use illustrations/i_051_a.jpg>
Package pdftex.def Info: illustrations/i_051_a.jpg  used on input line 269.
(pdftex.def)             Requested size: 271.0pt x 133.69914pt.
 [21

 <./illustrations/i_051_a.jpg>]
<illustrations/i_053.jpg, id=591, 186.2157pt x 289.08pt>
File: illustrations/i_053.jpg Graphic file (type jpg)
<use illustrations/i_053.jpg>
Package pdftex.def Info: illustrations/i_053.jpg  used on input line 297.
(pdftex.def)             Requested size: 271.0pt x 420.76085pt.
 [22] [23 <./illustrations/i_053.jpg>] [24]
<illustrations/i_055.jpg, id=605, 289.08pt x 269.5671pt>
File: illustrations/i_055.jpg Graphic file (type jpg)
<use illustrations/i_055.jpg>
Package pdftex.def Info: illustrations/i_055.jpg  used on input line 332.
(pdftex.def)             Requested size: 271.0pt x 252.71852pt.
 [25 <./illustrations/i_055.jpg>] [26

]
<illustrations/i_056_a.jpg, id=616, 289.08pt x 98.2872pt>
File: illustrations/i_056_a.jpg Graphic file (type jpg)
<use illustrations/i_056_a.jpg>
Package pdftex.def Info: illustrations/i_056_a.jpg  used on input line 342.
(pdftex.def)             Requested size: 271.0pt x 92.144pt.

Underfull \vbox (badness 1158) has occurred while \output is active []

 [27 <./illustrations/i_056_a.jpg>] [28] [29]
<illustrations/i_060.jpg, id=631, 289.08pt x 287.3937pt>
File: illustrations/i_060.jpg Graphic file (type jpg)
<use illustrations/i_060.jpg>
Package pdftex.def Info: illustrations/i_060.jpg  used on input line 397.
(pdftex.def)             Requested size: 271.0pt x 269.43092pt.
 [30]
Underfull \vbox (badness 6658) has occurred while \output is active []

 [31 <./illustrations/i_060.jpg>] [32] [33] [34]
<illustrations/i_065_a.jpg, id=654, 272.6988pt x 289.08pt>
File: illustrations/i_065_a.jpg Graphic file (type jpg)
<use illustrations/i_065_a.jpg>
Package pdftex.def Info: illustrations/i_065_a.jpg  used on input line 468.
(pdftex.def)             Requested size: 271.0pt x 287.2884pt.

Underfull \vbox (badness 6300) has occurred while \output is active []

 [35

 <./illustrations/i_065_a.jpg>] [36] [37]
<illustrations/i_069.jpg, id=668, 227.6505pt x 289.08pt>
File: illustrations/i_069.jpg Graphic file (type jpg)
<use illustrations/i_069.jpg>
Package pdftex.def Info: illustrations/i_069.jpg  used on input line 538.
(pdftex.def)             Requested size: 271.0pt x 344.16385pt.
 [38] [39 <./illustrations/i_069.jpg>]
[40]
<illustrations/i_073.jpg, id=683, 134.904pt x 289.08pt>
File: illustrations/i_073.jpg Graphic file (type jpg)
<use illustrations/i_073.jpg>
Package pdftex.def Info: illustrations/i_073.jpg  used on input line 582.
(pdftex.def)             Requested size: 271.0pt x 580.83604pt.


LaTeX Warning: Float too large for page by 136.23584pt on input line 585.

[41] [42 <./illustrations/i_073.jpg>] [43] [44

]
<illustrations/i_074_a.jpg, id=701, 275.1078pt x 289.08pt>
File: illustrations/i_074_a.jpg Graphic file (type jpg)
<use illustrations/i_074_a.jpg>
Package pdftex.def Info: illustrations/i_074_a.jpg  used on input line 594.
(pdftex.def)             Requested size: 271.0pt x 284.77414pt.

Underfull \vbox (badness 10000) has occurred while \output is active []

 [45 <./illustrations/i_074_a.jpg>] [46] [47] [48] [49] [50] [51] [52

]
<illustrations/i_082_a.jpg, id=737, 289.08pt x 285.2256pt>
File: illustrations/i_082_a.jpg Graphic file (type jpg)
<use illustrations/i_082_a.jpg>
Package pdftex.def Info: illustrations/i_082_a.jpg  used on input line 723.
(pdftex.def)             Requested size: 271.0pt x 267.39832pt.
 [53 <./illustrations/i_082_a.jpg>] [54] [55] [56] [57] [58]
<illustrations/i_089_a.jpg, id=765, 289.08pt x 169.1118pt>
File: illustrations/i_089_a.jpg Graphic file (type jpg)
<use illustrations/i_089_a.jpg>
Package pdftex.def Info: illustrations/i_089_a.jpg  used on input line 812.
(pdftex.def)             Requested size: 271.0pt x 158.5419pt.
 [59

 <./illustrations/i_089_a.jpg>]
[60] [61] [62] [63] [64]
<illustrations/i_096.jpg, id=792, 246.9225pt x 289.08pt>
File: illustrations/i_096.jpg Graphic file (type jpg)
<use illustrations/i_096.jpg>
Package pdftex.def Info: illustrations/i_096.jpg  used on input line 954.
(pdftex.def)             Requested size: 271.0pt x 317.28763pt.
 [65] [66 <./illustrations/i_096.jpg>]
<illustrations/i_098_a.jpg, id=802, 289.08pt x 254.3904pt>
File: illustrations/i_098_a.jpg Graphic file (type jpg)
<use illustrations/i_098_a.jpg>
Package pdftex.def Info: illustrations/i_098_a.jpg  used on input line 968.
(pdftex.def)             Requested size: 271.0pt x 238.4904pt.
 [67

 <./illustrations/i_098_a.jpg>] [68] [69] [70] [71] [72

]
<illustrations/i_104_a.jpg, id=829, 289.08pt x 141.8901pt>
File: illustrations/i_104_a.jpg Graphic file (type jpg)
<use illustrations/i_104_a.jpg>
Package pdftex.def Info: illustrations/i_104_a.jpg  used on input line 1047.
(pdftex.def)             Requested size: 271.0pt x 133.02162pt.
 [73 <./illustrations/i_104_a.jpg>]
Overfull \hbox (8.83847pt too wide) in paragraph at lines 1055--1056
[]\T1/Baskervaldx-TLF/m/n/9 The com-mu-ni-ca-tion ex-cited many pro-fes-sions o
f con-cern; and enough
 []

[74] [75] [76

]
<illustrations/i_107_a.jpg, id=848, 289.08pt x 117.3183pt>
File: illustrations/i_107_a.jpg Graphic file (type jpg)
<use illustrations/i_107_a.jpg>
Package pdftex.def Info: illustrations/i_107_a.jpg  used on input line 1071.
(pdftex.def)             Requested size: 271.0pt x 109.98563pt.
 [77 <./illustrations/i_107_a.jpg>]
Overfull \hbox (23.39755pt too wide) in paragraph at lines 1088--1089
[]\T1/Baskervaldx-TLF/m/n/9 After amus-ing him-self some time with their cu-rio
s-ity, he thus explained:---
 []

[78] [79] [80] [81] [82

]
<illustrations/i_113_a.jpg, id=875, 289.08pt x 125.268pt>
File: illustrations/i_113_a.jpg Graphic file (type jpg)
<use illustrations/i_113_a.jpg>
Package pdftex.def Info: illustrations/i_113_a.jpg  used on input line 1140.
(pdftex.def)             Requested size: 271.0pt x 117.43845pt.
 [83 <./illustrations/i_113_a.jpg>] [84] [85]
<illustrations/i_116.jpg, id=890, 189.5883pt x 289.08pt>
File: illustrations/i_116.jpg Graphic file (type jpg)
<use illustrations/i_116.jpg>
Package pdftex.def Info: illustrations/i_116.jpg  used on input line 1186.
(pdftex.def)             Requested size: 271.0pt x 413.26657pt.
 [86]
[87 <./illustrations/i_116.jpg>] [88

]
<illustrations/i_118_a.jpg, id=905, 289.08pt x 111.5367pt>
File: illustrations/i_118_a.jpg Graphic file (type jpg)
<use illustrations/i_118_a.jpg>
Package pdftex.def Info: illustrations/i_118_a.jpg  used on input line 1196.
(pdftex.def)             Requested size: 271.0pt x 104.56537pt.
 [89 <./illustrations/i_118_a.jpg>]
[90] [91] [92] [93] [94

]
<illustrations/i_124_a.jpg, id=932, 254.8722pt x 289.08pt>
File: illustrations/i_124_a.jpg Graphic file (type jpg)
<use illustrations/i_124_a.jpg>
Package pdftex.def Info: illustrations/i_124_a.jpg  used on input line 1233.
(pdftex.def)             Requested size: 271.0pt x 307.40257pt.

Underfull \vbox (badness 10000) has occurred while \output is active []

 [95 <./illustrations/i_124_a.jpg>]
<illustrations/i_126.jpg, id=938, 205.4877pt x 289.08pt>
File: illustrations/i_126.jpg Graphic file (type jpg)
<use illustrations/i_126.jpg>
Package pdftex.def Info: illustrations/i_126.jpg  used on input line 1248.
(pdftex.def)             Requested size: 271.0pt x 381.27359pt.
 [96] [97 <./illustrations/i_126.jpg>] [98] [99]
[100] [101] [102] [103] [104] [105] [106

]
<illustrations/i_137_a.jpg, id=986, 289.08pt x 284.5029pt>
File: illustrations/i_137_a.jpg Graphic file (type jpg)
<use illustrations/i_137_a.jpg>
Package pdftex.def Info: illustrations/i_137_a.jpg  used on input line 1374.
(pdftex.def)             Requested size: 271.0pt x 266.72081pt.
 [107 <./illustrations/i_137_a.jpg>]
[108] [109] [110] [111] [112

]
<illustrations/i_142_a.jpg, id=1013, 289.08pt x 253.6677pt>
File: illustrations/i_142_a.jpg Graphic file (type jpg)
<use illustrations/i_142_a.jpg>
Package pdftex.def Info: illustrations/i_142_a.jpg  used on input line 1414.
(pdftex.def)             Requested size: 271.0pt x 237.81287pt.
 [113 <./illustrations/i_142_a.jpg>] [114]
[115] [116]
<illustrations/i_147.jpg, id=1032, 233.4321pt x 289.08pt>
File: illustrations/i_147.jpg Graphic file (type jpg)
<use illustrations/i_147.jpg>
Package pdftex.def Info: illustrations/i_147.jpg  used on input line 1468.
(pdftex.def)             Requested size: 271.0pt x 335.63737pt.
 [117 <./illustrations/i_147.jpg>] [118] [119] [120] [121] [122]
Overfull \hbox (3.04854pt too wide) in paragraph at lines 1553--1554
[]\T1/Baskervaldx-TLF/m/n/9 In vain did Eliz-a-beth en-deav-our to check the ra
-pid-ity of her mother's
 []

[123] [124] [125] [126] [127] [128

]
<illustrations/i_161_a.jpg, id=1084, 243.0681pt x 289.08pt>
File: illustrations/i_161_a.jpg Graphic file (type jpg)
<use illustrations/i_161_a.jpg>
Package pdftex.def Info: illustrations/i_161_a.jpg  used on input line 1587.
(pdftex.def)             Requested size: 271.0pt x 322.30293pt.
 [129] [130 <./illustrations/i_161_a.jpg>]
[131] [132] [133] [134]
<illustrations/i_168_a.jpg, id=1111, 289.08pt x 193.6836pt>
File: illustrations/i_168_a.jpg Graphic file (type jpg)
<use illustrations/i_168_a.jpg>
Package pdftex.def Info: illustrations/i_168_a.jpg  used on input line 1643.
(pdftex.def)             Requested size: 271.0pt x 181.57791pt.
 [135

 <./illustrations/i_168_a.jpg>] [136] [137]
<illustrations/i_172.jpg, id=1126, 232.9503pt x 289.08pt>
File: illustrations/i_172.jpg Graphic file (type jpg)
<use illustrations/i_172.jpg>
Package pdftex.def Info: illustrations/i_172.jpg  used on input line 1711.
(pdftex.def)             Requested size: 271.0pt x 336.31226pt.

[138] [139 <./illustrations/i_172.jpg>] [140]
<illustrations/i_175_a.jpg, id=1140, 289.08pt x 280.6485pt>
File: illustrations/i_175_a.jpg Graphic file (type jpg)
<use illustrations/i_175_a.jpg>
Package pdftex.def Info: illustrations/i_175_a.jpg  used on input line 1735.
(pdftex.def)             Requested size: 271.0pt x 263.10732pt.
 [141

 <./illustrations/i_175_a.jpg>]
<illustrations/i_177.jpg, id=1147, 289.08pt x 230.0595pt>
File: illustrations/i_177.jpg Graphic file (type jpg)
<use illustrations/i_177.jpg>
Package pdftex.def Info: illustrations/i_177.jpg  used on input line 1753.
(pdftex.def)             Requested size: 271.0pt x 215.68024pt.
 [142]
Underfull \vbox (badness 10000) has occurred while \output is active []

 [143 <./illustrations/i_177.jpg>] [144] [145] [146] [147] [148

]
<illustrations/i_183_a.jpg, id=1179, 289.08pt x 177.0615pt>
File: illustrations/i_183_a.jpg Graphic file (type jpg)
<use illustrations/i_183_a.jpg>
Package pdftex.def Info: illustrations/i_183_a.jpg  used on input line 1810.
(pdftex.def)             Requested size: 271.0pt x 165.99472pt.
 [149 <./illustrations/i_183_a.jpg>]
<illustrations/i_185.jpg, id=1185, 195.129pt x 289.08pt>
File: illustrations/i_185.jpg Graphic file (type jpg)
<use illustrations/i_185.jpg>
Package pdftex.def Info: illustrations/i_185.jpg  used on input line 1822.
(pdftex.def)             Requested size: 271.0pt x 401.48479pt.
 [150] [151 <./illustrations/i_185.jpg>] [152] [153] [154]
<illustrations/i_190_a.jpg, id=1208, 289.08pt x 261.6174pt>
File: illustrations/i_190_a.jpg Graphic file (type jpg)
<use illustrations/i_190_a.jpg>
Package pdftex.def Info: illustrations/i_190_a.jpg  used on input line 1871.
(pdftex.def)             Requested size: 271.0pt x 245.26569pt.
 [155

 <./illustrations/i_190_a.jpg>] [156] [157] [158]
<illustrations/i_195.jpg, id=1226, 282.5757pt x 289.08pt>
File: illustrations/i_195.jpg Graphic file (type jpg)
<use illustrations/i_195.jpg>
Package pdftex.def Info: illustrations/i_195.jpg  used on input line 1914.
(pdftex.def)             Requested size: 271.0pt x 277.24898pt.
 [159] [160 <./illustrations/i_195.jpg>]
<illustrations/i_197_a.jpg, id=1237, 289.08pt x 150.8034pt>
File: illustrations/i_197_a.jpg Graphic file (type jpg)
<use illustrations/i_197_a.jpg>
Package pdftex.def Info: illustrations/i_197_a.jpg  used on input line 1941.
(pdftex.def)             Requested size: 271.0pt x 141.37782pt.
 [161

 <./illustrations/i_197_a.jpg>] [162] [163] [164] [165] [166]
<illustrations/i_204_a.jpg, id=1264, 289.08pt x 137.0721pt>
File: illustrations/i_204_a.jpg Graphic file (type jpg)
<use illustrations/i_204_a.jpg>
Package pdftex.def Info: illustrations/i_204_a.jpg  used on input line 2013.
(pdftex.def)             Requested size: 271.0pt x 128.50476pt.
 [167

 <./illustrations/i_204_a.jpg>] [168]
<illustrations/i_206.jpg, id=1274, 242.5863pt x 289.08pt>
File: illustrations/i_206.jpg Graphic file (type jpg)
<use illustrations/i_206.jpg>
Package pdftex.def Info: illustrations/i_206.jpg  used on input line 2041.
(pdftex.def)             Requested size: 271.0pt x 322.969pt.

Underfull \vbox (badness 1163) has occurred while \output is active []

 [169]
[170 <./illustrations/i_206.jpg>] [171] [172]
<illustrations/i_210_a.jpg, id=1293, 283.2984pt x 289.08pt>
File: illustrations/i_210_a.jpg Graphic file (type jpg)
<use illustrations/i_210_a.jpg>
Package pdftex.def Info: illustrations/i_210_a.jpg  used on input line 2074.
(pdftex.def)             Requested size: 271.0pt x 276.54321pt.

Underfull \vbox (badness 10000) has occurred while \output is active []

 [173

 <./illustrations/i_210_a.jpg>]
Underfull \vbox (badness 1163) has occurred while \output is active []

 [174]
[175] [176] [177] [178] [179] [180

]
<illustrations/i_218_a.jpg, id=1329, 223.0734pt x 289.08pt>
File: illustrations/i_218_a.jpg Graphic file (type jpg)
<use illustrations/i_218_a.jpg>
Package pdftex.def Info: illustrations/i_218_a.jpg  used on input line 2146.
(pdftex.def)             Requested size: 271.0pt x 351.2038pt.

Overfull \hbox (8.49947pt too wide) in paragraph at lines 2155--2156
[]\T1/Baskervaldx-TLF/m/n/9 The farewell be-tween her-self and Mr. Wick-ham was
 per-fectly friendly;
 []

[181] [182 <./illustrations/i_218_a.jpg>] [183] [184] [185] [186

]
<illustrations/i_223_a.jpg, id=1356, 249.3315pt x 289.08pt>
File: illustrations/i_223_a.jpg Graphic file (type jpg)
<use illustrations/i_223_a.jpg>
Package pdftex.def Info: illustrations/i_223_a.jpg  used on input line 2203.
(pdftex.def)             Requested size: 271.0pt x 314.22197pt.
 [187]
[188 <./illustrations/i_223_a.jpg>] [189] [190]
<illustrations/i_227.jpg, id=1375, 289.08pt x 270.2898pt>
File: illustrations/i_227.jpg Graphic file (type jpg)
<use illustrations/i_227.jpg>
Package pdftex.def Info: illustrations/i_227.jpg  used on input line 2251.
(pdftex.def)             Requested size: 271.0pt x 253.39606pt.
 [191] [192 <./illustrations/i_227.jpg>]
<illustrations/i_229_a.jpg, id=1385, 280.4076pt x 289.08pt>
File: illustrations/i_229_a.jpg Graphic file (type jpg)
<use illustrations/i_229_a.jpg>
Package pdftex.def Info: illustrations/i_229_a.jpg  used on input line 2264.
(pdftex.def)             Requested size: 271.0pt x 279.37949pt.

Underfull \vbox (badness 10000) has occurred while \output is active []

 [193

 <./illustrations/i_229_a.jpg>]
Overfull \hbox (11.49055pt too wide) in paragraph at lines 2278--2279
[]\T1/Baskervaldx-TLF/m/n/9 When the ladies were sep-a-rat-ing for the toi-lett
e, he said to Elizabeth,---
 []


Underfull \hbox (badness 10000) in paragraph at lines 2278--2279

 []

[194] [195] [196] [197] [198] [199] [200]
<illustrations/i_238_a.jpg, id=1420, 289.08pt x 227.8914pt>
File: illustrations/i_238_a.jpg Graphic file (type jpg)
<use illustrations/i_238_a.jpg>
Package pdftex.def Info: illustrations/i_238_a.jpg  used on input line 2359.
(pdftex.def)             Requested size: 271.0pt x 213.64766pt.
 [201

 <./illustrations/i_238_a.jpg>]
<illustrations/i_240.jpg, id=1427, 289.08pt x 281.6121pt>
File: illustrations/i_240.jpg Graphic file (type jpg)
<use illustrations/i_240.jpg>
Package pdftex.def Info: illustrations/i_240.jpg  used on input line 2371.
(pdftex.def)             Requested size: 271.0pt x 264.0107pt.

[202]
Underfull \vbox (badness 1052) has occurred while \output is active []

 [203 <./illustrations/i_240.jpg>]
<illustrations/i_242.jpg, id=1437, 248.127pt x 289.08pt>
File: illustrations/i_242.jpg Graphic file (type jpg)
<use illustrations/i_242.jpg>
Package pdftex.def Info: illustrations/i_242.jpg  used on input line 2395.
(pdftex.def)             Requested size: 271.0pt x 315.72612pt.
 [204] [205 <./illustrations/i_242.jpg>]
Overfull \hbox (4.86646pt too wide) in paragraph at lines 2403--2404
[]\T1/Baskervaldx-TLF/m/n/9 Colonel Fitzwilliam en-tered into con-ver-sa-tion d
i-rectly, with the readi-
 []

[206]
File: illustrations/i_031.jpg Graphic file (type jpg)
<use illustrations/i_031.jpg>
Package pdftex.def Info: illustrations/i_031.jpg  used on input line 2415.
(pdftex.def)             Requested size: 271.0pt x 216.13194pt.
 [207

] [208] [209] [210]
File: illustrations/i_031.jpg Graphic file (type jpg)
<use illustrations/i_031.jpg>
Package pdftex.def Info: illustrations/i_031.jpg  used on input line 2483.
(pdftex.def)             Requested size: 271.0pt x 216.13194pt.
 [211] [212]
File: illustrations/i_031.jpg Graphic file (type jpg)
<use illustrations/i_031.jpg>
Package pdftex.def Info: illustrations/i_031.jpg  used on input line 2493.
(pdftex.def)             Requested size: 271.0pt x 216.13194pt.
 [213

] [214]
Overfull \hbox (2.87553pt too wide) in paragraph at lines 2527--2528
\T1/Baskervaldx-TLF/m/n/9 made him happy if they had. My friend has an ex-cel-l
ent understanding---
 []

[215]
Overfull \hbox (7.63554pt too wide) in paragraph at lines 2545--2546
[]\T1/Baskervaldx-TLF/m/n/9 Elizabeth looked sur-prised. The gen-tle-man ex-pe-
ri-enced some change
 []

[216] [217] [218

]
File: illustrations/i_031.jpg Graphic file (type jpg)
<use illustrations/i_031.jpg>
Package pdftex.def Info: illustrations/i_031.jpg  used on input line 2568.
(pdftex.def)             Requested size: 271.0pt x 216.13194pt.
 [219]
Overfull \hbox (3.01248pt too wide) in paragraph at lines 2592--2593
[]\T1/Baskervaldx-TLF/m/n/9 ``He likes to have his own way very well,'' replied
 Colonel Fitzwilliam.
 []

[220] [221] [222] [223]
File: illustrations/i_031.jpg Graphic file (type jpg)
<use illustrations/i_031.jpg>
Package pdftex.def Info: illustrations/i_031.jpg  used on input line 2658.
(pdftex.def)             Requested size: 271.0pt x 216.13194pt.
 [224] [225] [226

]
File: illustrations/i_031.jpg Graphic file (type jpg)
<use illustrations/i_031.jpg>
Package pdftex.def Info: illustrations/i_031.jpg  used on input line 2668.
(pdftex.def)             Requested size: 271.0pt x 216.13194pt.
 [227]
Overfull \hbox (12.19849pt too wide) in paragraph at lines 2682--2683
[]\T1/Baskervaldx-TLF/m/n/9 Elizabeth's as-ton-ish-ment was be-yond ex-pres-sio
n. She stared, coloured,
 []

[228] [229] [230] [231] [232] [233] [234

]
File: illustrations/i_031.jpg Graphic file (type jpg)
<use illustrations/i_031.jpg>
Package pdftex.def Info: illustrations/i_031.jpg  used on input line 2742.
(pdftex.def)             Requested size: 271.0pt x 216.13194pt.
 [235] [236] [237]
Underfull \vbox (badness 10000) has occurred while \output is active []

 [238]
Underfull \vbox (badness 10000) has occurred while \output is active []

 [239]
Underfull \vbox (badness 10000) has occurred while \output is active []

 [240]
Underfull \vbox (badness 10000) has occurred while \output is active []

 [241]
File: illustrations/i_031.jpg Graphic file (type jpg)
<use illustrations/i_031.jpg>
Package pdftex.def Info: illustrations/i_031.jpg  used on input line 2762.
(pdftex.def)             Requested size: 271.0pt x 216.13194pt.

[242] [243] [244

]
File: illustrations/i_031.jpg Graphic file (type jpg)
<use illustrations/i_031.jpg>
Package pdftex.def Info: illustrations/i_031.jpg  used on input line 2772.
(pdftex.def)             Requested size: 271.0pt x 216.13194pt.
 [245]
Overfull \hbox (9.88564pt too wide) in paragraph at lines 2780--2781
[]\T1/Baskervaldx-TLF/m/n/9 But when this sub-ject was suc-ceeded by his ac-cou
nt of Mr. Wickham---
 []

[246] [247] [248] [249] [250]
File: illustrations/i_031.jpg Graphic file (type jpg)
<use illustrations/i_031.jpg>
Package pdftex.def Info: illustrations/i_031.jpg  used on input line 2814.
(pdftex.def)             Requested size: 271.0pt x 216.13194pt.
 [251

] [252]
Overfull \hbox (16.7415pt too wide) in paragraph at lines 2850--2851
\T1/Baskervaldx-TLF/m/n/9 jour-ney; and as she did not an-swer them all her-sel
f at-ten-tion was necessary---
 []

[253] [254]
Overfull \hbox (7.08954pt too wide) in paragraph at lines 2860--2861
[]\T1/Baskervaldx-TLF/m/n/9 When they parted, Lady Cather-ine, with great con-d
e-scen-sion, wished
 []

[255] [256

]
File: illustrations/i_031.jpg Graphic file (type jpg)
<use illustrations/i_031.jpg>
Package pdftex.def Info: illustrations/i_031.jpg  used on input line 2868.
(pdftex.def)             Requested size: 271.0pt x 216.13194pt.
 [257] [258]
Overfull \hbox (1.62657pt too wide) in paragraph at lines 2888--2889
[]\T1/Baskervaldx-TLF/m/n/9 At length the chaise ar-rived, the trunks were fas-
tened on, the parcels
 []

[259] [260]
File: illustrations/i_031.jpg Graphic file (type jpg)
<use illustrations/i_031.jpg>
Package pdftex.def Info: illustrations/i_031.jpg  used on input line 2917.
(pdftex.def)             Requested size: 271.0pt x 216.13194pt.
 [261

] [262] [263] [264]
File: illustrations/i_031.jpg Graphic file (type jpg)
<use illustrations/i_031.jpg>
Package pdftex.def Info: illustrations/i_031.jpg  used on input line 2977.
(pdftex.def)             Requested size: 271.0pt x 216.13194pt.
 [265] [266]
File: illustrations/i_031.jpg Graphic file (type jpg)
<use illustrations/i_031.jpg>
Package pdftex.def Info: illustrations/i_031.jpg  used on input line 2987.
(pdftex.def)             Requested size: 271.0pt x 216.13194pt.
 [267

] [268] [269] [270]
[271] [272

]
File: illustrations/i_031.jpg Graphic file (type jpg)
<use illustrations/i_031.jpg>
Package pdftex.def Info: illustrations/i_031.jpg  used on input line 3072.
(pdftex.def)             Requested size: 271.0pt x 216.13194pt.
 [273]
Overfull \hbox (1.87546pt too wide) in paragraph at lines 3100--3101
[]\T1/Baskervaldx-TLF/m/n/9 The rap-ture of Ly-dia on this oc-ca-sion, her ado-
ra-tion of Mrs. Forster,
 []

[274] [275] [276]
Overfull \hbox (1.46451pt too wide) in paragraph at lines 3124--3125
[]\T1/Baskervaldx-TLF/m/n/9 Had she known that her sis-ter sought to tear her f
rom such prospects
 []

[277] [278] [279] [280

]
File: illustrations/i_031.jpg Graphic file (type jpg)
<use illustrations/i_031.jpg>
Package pdftex.def Info: illustrations/i_031.jpg  used on input line 3166.
(pdftex.def)             Requested size: 271.0pt x 216.13194pt.
 [281] [282] [283] [284] [285] [286]
File: illustrations/i_031.jpg Graphic file (type jpg)
<use illustrations/i_031.jpg>
Package pdftex.def Info: illustrations/i_031.jpg  used on input line 3214.
(pdftex.def)             Requested size: 271.0pt x 216.13194pt.
 [287

] [288]
[289] [290]
Overfull \hbox (0.35751pt too wide) in paragraph at lines 3292--3293
[]\T1/Baskervaldx-TLF/m/n/9 Elizabeth lis-tened, won-dered, doubted, and was im
-pa-tient for more.
 []

[291] [292] [293] [294]
Underfull \vbox (badness 10000) has occurred while \output is active []

 [295]
[296] [297] [298]
File: illustrations/i_031.jpg Graphic file (type jpg)
<use illustrations/i_031.jpg>
Package pdftex.def Info: illustrations/i_031.jpg  used on input line 3380.
(pdftex.def)             Requested size: 271.0pt x 216.13194pt.
 [299] [300]
File: illustrations/i_031.jpg Graphic file (type jpg)
<use illustrations/i_031.jpg>
Package pdftex.def Info: illustrations/i_031.jpg  used on input line 3390.
(pdftex.def)             Requested size: 271.0pt x 216.13194pt.
 [301

] [302] [303] [304] [305] [306] [307]
[308

]
File: illustrations/i_031.jpg Graphic file (type jpg)
<use illustrations/i_031.jpg>
Package pdftex.def Info: illustrations/i_031.jpg  used on input line 3440.
(pdftex.def)             Requested size: 271.0pt x 216.13194pt.
 [309] [310]
Overfull \hbox (5.45251pt too wide) in paragraph at lines 3464--3465
\T1/Baskervaldx-TLF/m/n/9 Eliz-a-beth in-stantly com-pre-hended that he was up-
per-most in her thoughts;
 []

[311]
Overfull \hbox (4.44447pt too wide) in paragraph at lines 3466--3467
\T1/Baskervaldx-TLF/m/n/9 nearer to Wick-ham, Geor-giana also re-cov-ered in ti
me, though not enough
 []

[312] [313]
File: illustrations/i_031.jpg Graphic file (type jpg)
<use illustrations/i_031.jpg>
Package pdftex.def Info: illustrations/i_031.jpg  used on input line 3488.
(pdftex.def)             Requested size: 271.0pt x 216.13194pt.
 [314]
File: illustrations/i_031.jpg Graphic file (type jpg)
<use illustrations/i_031.jpg>
Package pdftex.def Info: illustrations/i_031.jpg  used on input line 3498.
(pdftex.def)             Requested size: 271.0pt x 216.13194pt.
 [315

] [316]
Underfull \vbox (badness 10000) has occurred while \output is active []

 [317]
[318] [319] [320] [321] [322] [323] [324

]
File: illustrations/i_031.jpg Graphic file (type jpg)
<use illustrations/i_031.jpg>
Package pdftex.def Info: illustrations/i_031.jpg  used on input line 3577.
(pdftex.def)             Requested size: 271.0pt x 216.13194pt.
 [325] [326] [327] [328] [329]
[330] [331] [332] [333] [334] [335] [336

]
File: illustrations/i_031.jpg Graphic file (type jpg)
<use illustrations/i_031.jpg>
Package pdftex.def Info: illustrations/i_031.jpg  used on input line 3737.
(pdftex.def)             Requested size: 271.0pt x 216.13194pt.
 [337] [338] [339] [340] [341]
[342]
File: illustrations/i_031.jpg Graphic file (type jpg)
<use illustrations/i_031.jpg>
Package pdftex.def Info: illustrations/i_031.jpg  used on input line 3814.
(pdftex.def)             Requested size: 271.0pt x 216.13194pt.
 [343] [344

]
File: illustrations/i_031.jpg Graphic file (type jpg)
<use illustrations/i_031.jpg>
Package pdftex.def Info: illustrations/i_031.jpg  used on input line 3824.
(pdftex.def)             Requested size: 271.0pt x 216.13194pt.
 [345] [346] [347] [348] [349] [350] [351] [352

]
File: illustrations/i_031.jpg Graphic file (type jpg)
<use illustrations/i_031.jpg>
Package pdftex.def Info: illustrations/i_031.jpg  used on input line 3948.
(pdftex.def)             Requested size: 271.0pt x 216.13194pt.
 [353]
[354] [355]
Overfull \hbox (0.30359pt too wide) in paragraph at lines 3978--3979
[]\T1/Baskervaldx-TLF/m/n/9 From such a con-nec-tion she could not won-der that
 he should shrink.
 []

[356] [357] [358] [359] [360

]
File: illustrations/i_031.jpg Graphic file (type jpg)
<use illustrations/i_031.jpg>
Package pdftex.def Info: illustrations/i_031.jpg  used on input line 4006.
(pdftex.def)             Requested size: 271.0pt x 216.13194pt.
 [361] [362]
Overfull \hbox (10.18552pt too wide) in paragraph at lines 4038--4039
[]\T1/Baskervaldx-TLF/m/n/9 ``Well, mamma,'' said she, when they were all re-tu
rned to the breakfast-
 []

[363] [364] [365] [366]
File: illustrations/i_031.jpg Graphic file (type jpg)
<use illustrations/i_031.jpg>
Package pdftex.def Info: illustrations/i_031.jpg  used on input line 4098.
(pdftex.def)             Requested size: 271.0pt x 216.13194pt.
 [367

] [368]
Underfull \vbox (badness 10000) has occurred while \output is active []

 [369]
Underfull \vbox (badness 10000) has occurred while \output is active []

 [370]
[371]
Underfull \vbox (badness 10000) has occurred while \output is active []

 [372]
[373] [374]
File: illustrations/i_031.jpg Graphic file (type jpg)
<use illustrations/i_031.jpg>
Package pdftex.def Info: illustrations/i_031.jpg  used on input line 4188.
(pdftex.def)             Requested size: 271.0pt x 216.13194pt.
 [375

] [376] [377] [378] [379] [380] [381] [382] [383] [384

]
File: illustrations/i_031.jpg Graphic file (type jpg)
<use illustrations/i_031.jpg>
Package pdftex.def Info: illustrations/i_031.jpg  used on input line 4320.
(pdftex.def)             Requested size: 271.0pt x 216.13194pt.

[385] [386] [387] [388] [389] [390

]
File: illustrations/i_031.jpg Graphic file (type jpg)
<use illustrations/i_031.jpg>
Package pdftex.def Info: illustrations/i_031.jpg  used on input line 4405.
(pdftex.def)             Requested size: 271.0pt x 216.13194pt.
 [391] [392] [393]
Overfull \hbox (0.9785pt too wide) in paragraph at lines 4455--4456
[]\T1/Baskervaldx-TLF/m/n/9 Jane could have no re-serves from Eliz-a-beth, wher
e con-fi-dence would
 []

[394] [395] [396]
File: illustrations/i_031.jpg Graphic file (type jpg)
<use illustrations/i_031.jpg>
Package pdftex.def Info: illustrations/i_031.jpg  used on input line 4525.
(pdftex.def)             Requested size: 271.0pt x 216.13194pt.
 [397] [398]
File: illustrations/i_031.jpg Graphic file (type jpg)
<use illustrations/i_031.jpg>
Package pdftex.def Info: illustrations/i_031.jpg  used on input line 4535.
(pdftex.def)             Requested size: 271.0pt x 216.13194pt.
 [399

] [400] [401] [402]
Overfull \hbox (2.20851pt too wide) in paragraph at lines 4631--4632
[]\T1/Baskervaldx-TLF/m/n/9 ``Because hon-our, deco-rum, prudence---nay, intere
st---forbid it. Yes,
 []

[403]
Overfull \hbox (1.01454pt too wide) in paragraph at lines 4645--4646
[]\T1/Baskervaldx-TLF/m/n/9 ``Whatever my con-nec-tions may be,'' said Eliz-a-b
eth, ``if your nephew
 []

[404] [405] [406]
File: illustrations/i_031.jpg Graphic file (type jpg)
<use illustrations/i_031.jpg>
Package pdftex.def Info: illustrations/i_031.jpg  used on input line 4701.
(pdftex.def)             Requested size: 271.0pt x 216.13194pt.
 [407

] [408] [409] [410] [411] [412

]
File: illustrations/i_031.jpg Graphic file (type jpg)
<use illustrations/i_031.jpg>
Package pdftex.def Info: illustrations/i_031.jpg  used on input line 4755.
(pdftex.def)             Requested size: 271.0pt x 216.13194pt.
 [413] [414] [415]
[416] [417] [418] [419] [420]
File: illustrations/i_031.jpg Graphic file (type jpg)
<use illustrations/i_031.jpg>
Package pdftex.def Info: illustrations/i_031.jpg  used on input line 4859.
(pdftex.def)             Requested size: 271.0pt x 216.13194pt.
 [421

] [422] [423] [424] [425] [426]
Overfull \hbox (2.32855pt too wide) in paragraph at lines 4951--4952
[]\T1/Baskervaldx-TLF/m/n/9 This was enough to prove that her ap-pro-ba-tion ne
ed not be doubted;
 []

[427] [428

]
File: illustrations/i_031.jpg Graphic file (type jpg)
<use illustrations/i_031.jpg>
Package pdftex.def Info: illustrations/i_031.jpg  used on input line 4967.
(pdftex.def)             Requested size: 271.0pt x 216.13194pt.
 [429] [430] [431] [432]
File: illustrations/i_031.jpg Graphic file (type jpg)
<use illustrations/i_031.jpg>
Package pdftex.def Info: illustrations/i_031.jpg  used on input line 5033.
(pdftex.def)             Requested size: 271.0pt x 216.13194pt.
 [433] [434]
File: illustrations/i_031.jpg Graphic file (type jpg)
<use illustrations/i_031.jpg>
Package pdftex.def Info: illustrations/i_031.jpg  used on input line 5043.
(pdftex.def)             Requested size: 271.0pt x 216.13194pt.
 [435

] [436] [437]) [438]
\tf@toc=\write5
\openout5 = `book.toc'.


(./book.aux (./copyright.aux) (./preface.aux) (./main_matter.aux))

LaTeX Warning: There were multiply-defined labels.

Package rerunfilecheck Info: File `book.out' has not changed.
(rerunfilecheck)             Checksum: AEECE9C3AAF09A6CF5E40A96F350B166;7282.
 ) 
Here is how much of TeX's memory you used:
 15830 strings out of 478287
 251118 string characters out of 5849289
 584717 words of memory out of 5000000
 33145 multiletter control sequences out of 15000+600000
 505622 words of font info for 64 fonts, out of 8000000 for 9000
 1141 hyphenation exceptions out of 8191
 69i,12n,117p,14178b,483s stack positions out of 5000i,500n,10000p,200000b,80000s
{/usr/share/texlive/texmf-dist/fonts/enc/dvips/baskervaldx/zbv_m4qttc.enc}{/u
sr/share/texlive/texmf-dist/fonts/enc/dvips/baskervaldx/zbv_ahc6ab.enc}{/usr/sh
are/texlive/texmf-dist/fonts/enc/dvips/baskervaldx/zbv_2zeho7.enc}</usr/share/t
exlive/texmf-dist/fonts/type1/public/baskervaldx/Baskervaldx-Bol.pfb></usr/shar
e/texlive/texmf-dist/fonts/type1/public/baskervaldx/Baskervaldx-BolIta.pfb></us
r/share/texlive/texmf-dist/fonts/type1/public/baskervaldx/Baskervaldx-Ita.pfb><
/usr/share/texlive/texmf-dist/fonts/type1/public/baskervaldx/Baskervaldx-Reg.pf
b>
Output written on book.pdf (472 pages, 13523768 bytes).
PDF statistics:
 2638 PDF objects out of 2984 (max. 8388607)
 2084 compressed objects within 21 object streams
 631 named destinations out of 1000 (max. 500000)
 784 words of extra memory for PDF output out of 10000 (max. 10000000)

